Determining if the include file pthread.h exists failed with the following output:
Change Dir: C:/Users/Luckshya/source/repos/httpreq-sqmod/build32/CMakeFiles/CMakeTmp

Run Build Command(s):C:/Program Files (x86)/Microsoft Visual Studio/2017/Community/MSBuild/15.0/Bin/MSBuild.exe cmTC_50dd1.vcxproj /p:Configuration=Debug /p:Platform=Win32 /p:VisualStudioVersion=15.0 /v:m && Microsoft (R) Build Engine version 15.9.21+g9802d43bc3 for .NET Framework
Copyright (C) Microsoft Corporation. All rights reserved.

  Microsoft (R) C/C++ Optimizing Compiler Version 19.16.27026.1 for x86
  Copyright (C) Microsoft Corporation.  All rights reserved.
  
  cl /c /Zi /W3 /WX- /diagnostics:classic /Od /Ob0 /Oy- /D WIN32 /D _WINDOWS /D _WINSOCKAPI_= /D "CMAKE_INTDIR=\"Debug\"" /D _MBCS /Gm- /RTC1 /MDd /GS /fp:precise /Zc:wchar_t /Zc:forScope /Zc:inline /Fo"cmTC_50dd1.dir\Debug\\" /Fd"cmTC_50dd1.dir\Debug\vc141.pdb" /Gd /TC /analyze- /errorReport:queue "C:\Users\Luckshya\source\repos\httpreq-sqmod\build32\CMakeFiles\CMakeTmp\CheckIncludeFile.c"
  CheckIncludeFile.c
  
C:\Users\Luckshya\source\repos\httpreq-sqmod\build32\CMakeFiles\CMakeTmp\CheckIncludeFile.c(1): fatal error C1083: Cannot open include file: 'pthread.h': No such file or directory [C:\Users\Luckshya\source\repos\httpreq-sqmod\build32\CMakeFiles\CMakeTmp\cmTC_50dd1.vcxproj]



Determining if files ;winldap.h exist failed with the following output:
Change Dir: C:/Users/Luckshya/source/repos/httpreq-sqmod/build32/CMakeFiles/CMakeTmp

Run Build Command(s):C:/Program Files (x86)/Microsoft Visual Studio/2017/Community/MSBuild/15.0/Bin/MSBuild.exe cmTC_f56c2.vcxproj /p:Configuration=Debug /p:Platform=Win32 /p:VisualStudioVersion=15.0 /v:m && Microsoft (R) Build Engine version 15.9.21+g9802d43bc3 for .NET Framework
Copyright (C) Microsoft Corporation. All rights reserved.

  Microsoft (R) C/C++ Optimizing Compiler Version 19.16.27026.1 for x86
  Copyright (C) Microsoft Corporation.  All rights reserved.
  
  cl /c /Zi /W3 /WX- /diagnostics:classic /Od /Ob0 /Oy- /D WIN32 /D _WINDOWS /D _WINSOCKAPI_= /D SECURITY_WIN32 /D "CMAKE_INTDIR=\"Debug\"" /D _MBCS /Gm- /RTC1 /MDd /GS /fp:precise /Zc:wchar_t /Zc:forScope /Zc:inline /Fo"cmTC_f56c2.dir\Debug\\" /Fd"cmTC_f56c2.dir\Debug\vc141.pdb" /Gd /TC /analyze- /errorReport:queue "C:\Users\Luckshya\source\repos\httpreq-sqmod\build32\CMakeFiles\CheckIncludeFiles\HAVE_WINLDAP_H.c"
  HAVE_WINLDAP_H.c
  
C:\Program Files (x86)\Windows Kits\10\Include\10.0.17763.0\um\winnt.h(154): fatal error C1189: #error:  "No Target Architecture" [C:\Users\Luckshya\source\repos\httpreq-sqmod\build32\CMakeFiles\CMakeTmp\cmTC_f56c2.vcxproj]


Source:
/* */
#include <winldap.h>


int main(void){return 0;}

Determining if files ;winber.h exist failed with the following output:
Change Dir: C:/Users/Luckshya/source/repos/httpreq-sqmod/build32/CMakeFiles/CMakeTmp

Run Build Command(s):C:/Program Files (x86)/Microsoft Visual Studio/2017/Community/MSBuild/15.0/Bin/MSBuild.exe cmTC_264f7.vcxproj /p:Configuration=Debug /p:Platform=Win32 /p:VisualStudioVersion=15.0 /v:m && Microsoft (R) Build Engine version 15.9.21+g9802d43bc3 for .NET Framework
Copyright (C) Microsoft Corporation. All rights reserved.

  Microsoft (R) C/C++ Optimizing Compiler Version 19.16.27026.1 for x86
  Copyright (C) Microsoft Corporation.  All rights reserved.
  
  cl /c /Zi /W3 /WX- /diagnostics:classic /Od /Ob0 /Oy- /D WIN32 /D _WINDOWS /D _WINSOCKAPI_= /D SECURITY_WIN32 /D "CMAKE_INTDIR=\"Debug\"" /D _MBCS /Gm- /RTC1 /MDd /GS /fp:precise /Zc:wchar_t /Zc:forScope /Zc:inline /Fo"cmTC_264f7.dir\Debug\\" /Fd"cmTC_264f7.dir\Debug\vc141.pdb" /Gd /TC /analyze- /errorReport:queue "C:\Users\Luckshya\source\repos\httpreq-sqmod\build32\CMakeFiles\CheckIncludeFiles\HAVE_WINBER_H.c"
  HAVE_WINBER_H.c
  
C:\Program Files (x86)\Windows Kits\10\Include\10.0.17763.0\um\winber.h(67): error C2061: syntax error: identifier 'BerElement' [C:\Users\Luckshya\source\repos\httpreq-sqmod\build32\CMakeFiles\CMakeTmp\cmTC_264f7.vcxproj]
C:\Program Files (x86)\Windows Kits\10\Include\10.0.17763.0\um\winber.h(67): error C2059: syntax error: ';' [C:\Users\Luckshya\source\repos\httpreq-sqmod\build32\CMakeFiles\CMakeTmp\cmTC_264f7.vcxproj]
C:\Program Files (x86)\Windows Kits\10\Include\10.0.17763.0\um\winber.h(67): error C2143: syntax error: missing ')' before '*' [C:\Users\Luckshya\source\repos\httpreq-sqmod\build32\CMakeFiles\CMakeTmp\cmTC_264f7.vcxproj]
C:\Program Files (x86)\Windows Kits\10\Include\10.0.17763.0\um\winber.h(67): error C2143: syntax error: missing '{' before '*' [C:\Users\Luckshya\source\repos\httpreq-sqmod\build32\CMakeFiles\CMakeTmp\cmTC_264f7.vcxproj]
C:\Program Files (x86)\Windows Kits\10\Include\10.0.17763.0\um\winber.h(67): error C2059: syntax error: ')' [C:\Users\Luckshya\source\repos\httpreq-sqmod\build32\CMakeFiles\CMakeTmp\cmTC_264f7.vcxproj]
C:\Program Files (x86)\Windows Kits\10\Include\10.0.17763.0\um\winber.h(76): error C2061: syntax error: identifier 'VOID' [C:\Users\Luckshya\source\repos\httpreq-sqmod\build32\CMakeFiles\CMakeTmp\cmTC_264f7.vcxproj]
C:\Program Files (x86)\Windows Kits\10\Include\10.0.17763.0\um\winber.h(76): error C2059: syntax error: ';' [C:\Users\Luckshya\source\repos\httpreq-sqmod\build32\CMakeFiles\CMakeTmp\cmTC_264f7.vcxproj]
C:\Program Files (x86)\Windows Kits\10\Include\10.0.17763.0\um\winber.h(76): error C2143: syntax error: missing ')' before '*' [C:\Users\Luckshya\source\repos\httpreq-sqmod\build32\CMakeFiles\CMakeTmp\cmTC_264f7.vcxproj]
C:\Program Files (x86)\Windows Kits\10\Include\10.0.17763.0\um\winber.h(76): error C2143: syntax error: missing '{' before '*' [C:\Users\Luckshya\source\repos\httpreq-sqmod\build32\CMakeFiles\CMakeTmp\cmTC_264f7.vcxproj]
C:\Program Files (x86)\Windows Kits\10\Include\10.0.17763.0\um\winber.h(76): error C2146: syntax error: missing ';' before identifier 'fbuf' [C:\Users\Luckshya\source\repos\httpreq-sqmod\build32\CMakeFiles\CMakeTmp\cmTC_264f7.vcxproj]
C:\Program Files (x86)\Windows Kits\10\Include\10.0.17763.0\um\winber.h(76): error C2059: syntax error: ')' [C:\Users\Luckshya\source\repos\httpreq-sqmod\build32\CMakeFiles\CMakeTmp\cmTC_264f7.vcxproj]
C:\Program Files (x86)\Windows Kits\10\Include\10.0.17763.0\um\winber.h(84): error C2061: syntax error: identifier 'VOID' [C:\Users\Luckshya\source\repos\httpreq-sqmod\build32\CMakeFiles\CMakeTmp\cmTC_264f7.vcxproj]
C:\Program Files (x86)\Windows Kits\10\Include\10.0.17763.0\um\winber.h(84): error C2059: syntax error: ';' [C:\Users\Luckshya\source\repos\httpreq-sqmod\build32\CMakeFiles\CMakeTmp\cmTC_264f7.vcxproj]
C:\Program Files (x86)\Windows Kits\10\Include\10.0.17763.0\um\winber.h(84): error C2143: syntax error: missing ')' before '*' [C:\Users\Luckshya\source\repos\httpreq-sqmod\build32\CMakeFiles\CMakeTmp\cmTC_264f7.vcxproj]
C:\Program Files (x86)\Windows Kits\10\Include\10.0.17763.0\um\winber.h(84): error C2143: syntax error: missing '{' before '*' [C:\Users\Luckshya\source\repos\httpreq-sqmod\build32\CMakeFiles\CMakeTmp\cmTC_264f7.vcxproj]
C:\Program Files (x86)\Windows Kits\10\Include\10.0.17763.0\um\winber.h(84): error C2059: syntax error: ')' [C:\Users\Luckshya\source\repos\httpreq-sqmod\build32\CMakeFiles\CMakeTmp\cmTC_264f7.vcxproj]
C:\Program Files (x86)\Windows Kits\10\Include\10.0.17763.0\um\winber.h(91): error C2061: syntax error: identifier 'VOID' [C:\Users\Luckshya\source\repos\httpreq-sqmod\build32\CMakeFiles\CMakeTmp\cmTC_264f7.vcxproj]
C:\Program Files (x86)\Windows Kits\10\Include\10.0.17763.0\um\winber.h(91): error C2059: syntax error: ';' [C:\Users\Luckshya\source\repos\httpreq-sqmod\build32\CMakeFiles\CMakeTmp\cmTC_264f7.vcxproj]
C:\Program Files (x86)\Windows Kits\10\Include\10.0.17763.0\um\winber.h(91): error C2143: syntax error: missing ')' before '*' [C:\Users\Luckshya\source\repos\httpreq-sqmod\build32\CMakeFiles\CMakeTmp\cmTC_264f7.vcxproj]
C:\Program Files (x86)\Windows Kits\10\Include\10.0.17763.0\um\winber.h(91): error C2143: syntax error: missing '{' before '*' [C:\Users\Luckshya\source\repos\httpreq-sqmod\build32\CMakeFiles\CMakeTmp\cmTC_264f7.vcxproj]
C:\Program Files (x86)\Windows Kits\10\Include\10.0.17763.0\um\winber.h(91): error C2059: syntax error: ')' [C:\Users\Luckshya\source\repos\httpreq-sqmod\build32\CMakeFiles\CMakeTmp\cmTC_264f7.vcxproj]
C:\Program Files (x86)\Windows Kits\10\Include\10.0.17763.0\um\winber.h(97): error C2061: syntax error: identifier 'BERVAL' [C:\Users\Luckshya\source\repos\httpreq-sqmod\build32\CMakeFiles\CMakeTmp\cmTC_264f7.vcxproj]
C:\Program Files (x86)\Windows Kits\10\Include\10.0.17763.0\um\winber.h(97): error C2059: syntax error: ';' [C:\Users\Luckshya\source\repos\httpreq-sqmod\build32\CMakeFiles\CMakeTmp\cmTC_264f7.vcxproj]
C:\Program Files (x86)\Windows Kits\10\Include\10.0.17763.0\um\winber.h(97): error C2143: syntax error: missing ')' before '*' [C:\Users\Luckshya\source\repos\httpreq-sqmod\build32\CMakeFiles\CMakeTmp\cmTC_264f7.vcxproj]
C:\Program Files (x86)\Windows Kits\10\Include\10.0.17763.0\um\winber.h(97): error C2143: syntax error: missing '{' before '*' [C:\Users\Luckshya\source\repos\httpreq-sqmod\build32\CMakeFiles\CMakeTmp\cmTC_264f7.vcxproj]
C:\Program Files (x86)\Windows Kits\10\Include\10.0.17763.0\um\winber.h(97): error C2059: syntax error: ')' [C:\Users\Luckshya\source\repos\httpreq-sqmod\build32\CMakeFiles\CMakeTmp\cmTC_264f7.vcxproj]
C:\Program Files (x86)\Windows Kits\10\Include\10.0.17763.0\um\winber.h(108): error C2061: syntax error: identifier 'BerElement' [C:\Users\Luckshya\source\repos\httpreq-sqmod\build32\CMakeFiles\CMakeTmp\cmTC_264f7.vcxproj]
C:\Program Files (x86)\Windows Kits\10\Include\10.0.17763.0\um\winber.h(108): error C2059: syntax error: ';' [C:\Users\Luckshya\source\repos\httpreq-sqmod\build32\CMakeFiles\CMakeTmp\cmTC_264f7.vcxproj]
C:\Program Files (x86)\Windows Kits\10\Include\10.0.17763.0\um\winber.h(108): error C2146: syntax error: missing ')' before identifier 'options' [C:\Users\Luckshya\source\repos\httpreq-sqmod\build32\CMakeFiles\CMakeTmp\cmTC_264f7.vcxproj]
C:\Program Files (x86)\Windows Kits\10\Include\10.0.17763.0\um\winber.h(108): error C2061: syntax error: identifier 'options' [C:\Users\Luckshya\source\repos\httpreq-sqmod\build32\CMakeFiles\CMakeTmp\cmTC_264f7.vcxproj]
C:\Program Files (x86)\Windows Kits\10\Include\10.0.17763.0\um\winber.h(108): error C2059: syntax error: ')' [C:\Users\Luckshya\source\repos\httpreq-sqmod\build32\CMakeFiles\CMakeTmp\cmTC_264f7.vcxproj]
C:\Program Files (x86)\Windows Kits\10\Include\10.0.17763.0\um\winber.h(124): error C2061: syntax error: identifier 'ULONG' [C:\Users\Luckshya\source\repos\httpreq-sqmod\build32\CMakeFiles\CMakeTmp\cmTC_264f7.vcxproj]
C:\Program Files (x86)\Windows Kits\10\Include\10.0.17763.0\um\winber.h(124): error C2059: syntax error: ';' [C:\Users\Luckshya\source\repos\httpreq-sqmod\build32\CMakeFiles\CMakeTmp\cmTC_264f7.vcxproj]
C:\Program Files (x86)\Windows Kits\10\Include\10.0.17763.0\um\winber.h(124): error C2143: syntax error: missing ')' before '*' [C:\Users\Luckshya\source\repos\httpreq-sqmod\build32\CMakeFiles\CMakeTmp\cmTC_264f7.vcxproj]
C:\Program Files (x86)\Windows Kits\10\Include\10.0.17763.0\um\winber.h(124): error C2143: syntax error: missing '{' before '*' [C:\Users\Luckshya\source\repos\httpreq-sqmod\build32\CMakeFiles\CMakeTmp\cmTC_264f7.vcxproj]
C:\Program Files (x86)\Windows Kits\10\Include\10.0.17763.0\um\winber.h(124): error C2143: syntax error: missing ';' before '*' [C:\Users\Luckshya\source\repos\httpreq-sqmod\build32\CMakeFiles\CMakeTmp\cmTC_264f7.vcxproj]
C:\Program Files (x86)\Windows Kits\10\Include\10.0.17763.0\um\winber.h(124): error C2059: syntax error: ')' [C:\Users\Luckshya\source\repos\httpreq-sqmod\build32\CMakeFiles\CMakeTmp\cmTC_264f7.vcxproj]
C:\Program Files (x86)\Windows Kits\10\Include\10.0.17763.0\um\winber.h(135): error C2061: syntax error: identifier 'ULONG' [C:\Users\Luckshya\source\repos\httpreq-sqmod\build32\CMakeFiles\CMakeTmp\cmTC_264f7.vcxproj]
C:\Program Files (x86)\Windows Kits\10\Include\10.0.17763.0\um\winber.h(135): error C2059: syntax error: ';' [C:\Users\Luckshya\source\repos\httpreq-sqmod\build32\CMakeFiles\CMakeTmp\cmTC_264f7.vcxproj]
C:\Program Files (x86)\Windows Kits\10\Include\10.0.17763.0\um\winber.h(135): error C2143: syntax error: missing ')' before '*' [C:\Users\Luckshya\source\repos\httpreq-sqmod\build32\CMakeFiles\CMakeTmp\cmTC_264f7.vcxproj]
C:\Program Files (x86)\Windows Kits\10\Include\10.0.17763.0\um\winber.h(135): error C2143: syntax error: missing '{' before '*' [C:\Users\Luckshya\source\repos\httpreq-sqmod\build32\CMakeFiles\CMakeTmp\cmTC_264f7.vcxproj]
C:\Program Files (x86)\Windows Kits\10\Include\10.0.17763.0\um\winber.h(135): error C2143: syntax error: missing ';' before '*' [C:\Users\Luckshya\source\repos\httpreq-sqmod\build32\CMakeFiles\CMakeTmp\cmTC_264f7.vcxproj]
C:\Program Files (x86)\Windows Kits\10\Include\10.0.17763.0\um\winber.h(135): error C2059: syntax error: ')' [C:\Users\Luckshya\source\repos\httpreq-sqmod\build32\CMakeFiles\CMakeTmp\cmTC_264f7.vcxproj]
C:\Program Files (x86)\Windows Kits\10\Include\10.0.17763.0\um\winber.h(146): error C2061: syntax error: identifier 'ULONG' [C:\Users\Luckshya\source\repos\httpreq-sqmod\build32\CMakeFiles\CMakeTmp\cmTC_264f7.vcxproj]
C:\Program Files (x86)\Windows Kits\10\Include\10.0.17763.0\um\winber.h(146): error C2059: syntax error: ';' [C:\Users\Luckshya\source\repos\httpreq-sqmod\build32\CMakeFiles\CMakeTmp\cmTC_264f7.vcxproj]
C:\Program Files (x86)\Windows Kits\10\Include\10.0.17763.0\um\winber.h(146): error C2143: syntax error: missing ')' before '*' [C:\Users\Luckshya\source\repos\httpreq-sqmod\build32\CMakeFiles\CMakeTmp\cmTC_264f7.vcxproj]
C:\Program Files (x86)\Windows Kits\10\Include\10.0.17763.0\um\winber.h(146): error C2143: syntax error: missing '{' before '*' [C:\Users\Luckshya\source\repos\httpreq-sqmod\build32\CMakeFiles\CMakeTmp\cmTC_264f7.vcxproj]
C:\Program Files (x86)\Windows Kits\10\Include\10.0.17763.0\um\winber.h(146): error C2143: syntax error: missing ';' before '*' [C:\Users\Luckshya\source\repos\httpreq-sqmod\build32\CMakeFiles\CMakeTmp\cmTC_264f7.vcxproj]
C:\Program Files (x86)\Windows Kits\10\Include\10.0.17763.0\um\winber.h(146): error C2146: syntax error: missing ';' before identifier 'CHAR' [C:\Users\Luckshya\source\repos\httpreq-sqmod\build32\CMakeFiles\CMakeTmp\cmTC_264f7.vcxproj]
C:\Program Files (x86)\Windows Kits\10\Include\10.0.17763.0\um\winber.h(146): error C2059: syntax error: ')' [C:\Users\Luckshya\source\repos\httpreq-sqmod\build32\CMakeFiles\CMakeTmp\cmTC_264f7.vcxproj]
C:\Program Files (x86)\Windows Kits\10\Include\10.0.17763.0\um\winber.h(156): error C2061: syntax error: identifier 'ULONG' [C:\Users\Luckshya\source\repos\httpreq-sqmod\build32\CMakeFiles\CMakeTmp\cmTC_264f7.vcxproj]
C:\Program Files (x86)\Windows Kits\10\Include\10.0.17763.0\um\winber.h(156): error C2059: syntax error: ';' [C:\Users\Luckshya\source\repos\httpreq-sqmod\build32\CMakeFiles\CMakeTmp\cmTC_264f7.vcxproj]
C:\Program Files (x86)\Windows Kits\10\Include\10.0.17763.0\um\winber.h(156): error C2143: syntax error: missing ')' before '*' [C:\Users\Luckshya\source\repos\httpreq-sqmod\build32\CMakeFiles\CMakeTmp\cmTC_264f7.vcxproj]
C:\Program Files (x86)\Windows Kits\10\Include\10.0.17763.0\um\winber.h(156): error C2143: syntax error: missing '{' before '*' [C:\Users\Luckshya\source\repos\httpreq-sqmod\build32\CMakeFiles\CMakeTmp\cmTC_264f7.vcxproj]
C:\Program Files (x86)\Windows Kits\10\Include\10.0.17763.0\um\winber.h(156): error C2143: syntax error: missing ';' before '*' [C:\Users\Luckshya\source\repos\httpreq-sqmod\build32\CMakeFiles\CMakeTmp\cmTC_264f7.vcxproj]
C:\Program Files (x86)\Windows Kits\10\Include\10.0.17763.0\um\winber.h(156): error C2146: syntax error: missing ';' before identifier 'CHAR' [C:\Users\Luckshya\source\repos\httpreq-sqmod\build32\CMakeFiles\CMakeTmp\cmTC_264f7.vcxproj]
C:\Program Files (x86)\Windows Kits\10\Include\10.0.17763.0\um\winber.h(156): error C2059: syntax error: ')' [C:\Users\Luckshya\source\repos\httpreq-sqmod\build32\CMakeFiles\CMakeTmp\cmTC_264f7.vcxproj]
C:\Program Files (x86)\Windows Kits\10\Include\10.0.17763.0\um\winber.h(165): error C2061: syntax error: identifier 'INT' [C:\Users\Luckshya\source\repos\httpreq-sqmod\build32\CMakeFiles\CMakeTmp\cmTC_264f7.vcxproj]
C:\Program Files (x86)\Windows Kits\10\Include\10.0.17763.0\um\winber.h(165): error C2059: syntax error: ';' [C:\Users\Luckshya\source\repos\httpreq-sqmod\build32\CMakeFiles\CMakeTmp\cmTC_264f7.vcxproj]
C:\Program Files (x86)\Windows Kits\10\Include\10.0.17763.0\um\winber.h(165): error C2143: syntax error: missing ')' before '*' [C:\Users\Luckshya\source\repos\httpreq-sqmod\build32\CMakeFiles\CMakeTmp\cmTC_264f7.vcxproj]
C:\Program Files (x86)\Windows Kits\10\Include\10.0.17763.0\um\winber.h(165): error C2143: syntax error: missing '{' before '*' [C:\Users\Luckshya\source\repos\httpreq-sqmod\build32\CMakeFiles\CMakeTmp\cmTC_264f7.vcxproj]
C:\Program Files (x86)\Windows Kits\10\Include\10.0.17763.0\um\winber.h(165): error C2143: syntax error: missing ';' before '*' [C:\Users\Luckshya\source\repos\httpreq-sqmod\build32\CMakeFiles\CMakeTmp\cmTC_264f7.vcxproj]
C:\Program Files (x86)\Windows Kits\10\Include\10.0.17763.0\um\winber.h(165): error C2059: syntax error: ')' [C:\Users\Luckshya\source\repos\httpreq-sqmod\build32\CMakeFiles\CMakeTmp\cmTC_264f7.vcxproj]
C:\Program Files (x86)\Windows Kits\10\Include\10.0.17763.0\um\winber.h(248): error C2061: syntax error: identifier 'INT' [C:\Users\Luckshya\source\repos\httpreq-sqmod\build32\CMakeFiles\CMakeTmp\cmTC_264f7.vcxproj]
C:\Program Files (x86)\Windows Kits\10\Include\10.0.17763.0\um\winber.h(248): error C2059: syntax error: ';' [C:\Users\Luckshya\source\repos\httpreq-sqmod\build32\CMakeFiles\CMakeTmp\cmTC_264f7.vcxproj]
C:\Program Files (x86)\Windows Kits\10\Include\10.0.17763.0\um\winber.h(248): error C2143: syntax error: missing ')' before '*' [C:\Users\Luckshya\source\repos\httpreq-sqmod\build32\CMakeFiles\CMakeTmp\cmTC_264f7.vcxproj]
C:\Program Files (x86)\Windows Kits\10\Include\10.0.17763.0\um\winber.h(248): error C2143: syntax error: missing '{' before '*' [C:\Users\Luckshya\source\repos\httpreq-sqmod\build32\CMakeFiles\CMakeTmp\cmTC_264f7.vcxproj]
C:\Program Files (x86)\Windows Kits\10\Include\10.0.17763.0\um\winber.h(248): error C2146: syntax error: missing ';' before identifier 'PSTR' [C:\Users\Luckshya\source\repos\httpreq-sqmod\build32\CMakeFiles\CMakeTmp\cmTC_264f7.vcxproj]
C:\Program Files (x86)\Windows Kits\10\Include\10.0.17763.0\um\winber.h(248): error C2061: syntax error: identifier 'fmt' [C:\Users\Luckshya\source\repos\httpreq-sqmod\build32\CMakeFiles\CMakeTmp\cmTC_264f7.vcxproj]
C:\Program Files (x86)\Windows Kits\10\Include\10.0.17763.0\um\winber.h(248): error C2059: syntax error: ',' [C:\Users\Luckshya\source\repos\httpreq-sqmod\build32\CMakeFiles\CMakeTmp\cmTC_264f7.vcxproj]
C:\Program Files (x86)\Windows Kits\10\Include\10.0.17763.0\um\winber.h(248): error C2059: syntax error: ')' [C:\Users\Luckshya\source\repos\httpreq-sqmod\build32\CMakeFiles\CMakeTmp\cmTC_264f7.vcxproj]
C:\Program Files (x86)\Windows Kits\10\Include\10.0.17763.0\um\winber.h(340): error C2061: syntax error: identifier 'ULONG' [C:\Users\Luckshya\source\repos\httpreq-sqmod\build32\CMakeFiles\CMakeTmp\cmTC_264f7.vcxproj]
C:\Program Files (x86)\Windows Kits\10\Include\10.0.17763.0\um\winber.h(340): error C2059: syntax error: ';' [C:\Users\Luckshya\source\repos\httpreq-sqmod\build32\CMakeFiles\CMakeTmp\cmTC_264f7.vcxproj]
C:\Program Files (x86)\Windows Kits\10\Include\10.0.17763.0\um\winber.h(340): error C2143: syntax error: missing ')' before '*' [C:\Users\Luckshya\source\repos\httpreq-sqmod\build32\CMakeFiles\CMakeTmp\cmTC_264f7.vcxproj]
C:\Program Files (x86)\Windows Kits\10\Include\10.0.17763.0\um\winber.h(340): error C2143: syntax error: missing '{' before '*' [C:\Users\Luckshya\source\repos\httpreq-sqmod\build32\CMakeFiles\CMakeTmp\cmTC_264f7.vcxproj]
C:\Program Files (x86)\Windows Kits\10\Include\10.0.17763.0\um\winber.h(340): error C2146: syntax error: missing ';' before identifier 'PSTR' [C:\Users\Luckshya\source\repos\httpreq-sqmod\build32\CMakeFiles\CMakeTmp\cmTC_264f7.vcxproj]
C:\Program Files (x86)\Windows Kits\10\Include\10.0.17763.0\um\winber.h(340): error C2061: syntax error: identifier 'fmt' [C:\Users\Luckshya\source\repos\httpreq-sqmod\build32\CMakeFiles\CMakeTmp\cmTC_264f7.vcxproj]
C:\Program Files (x86)\Windows Kits\10\Include\10.0.17763.0\um\winber.h(340): error C2059: syntax error: ',' [C:\Users\Luckshya\source\repos\httpreq-sqmod\build32\CMakeFiles\CMakeTmp\cmTC_264f7.vcxproj]
C:\Program Files (x86)\Windows Kits\10\Include\10.0.17763.0\um\winber.h(340): error C2059: syntax error: ')' [C:\Users\Luckshya\source\repos\httpreq-sqmod\build32\CMakeFiles\CMakeTmp\cmTC_264f7.vcxproj]


Source:
/* */
#include <winber.h>


int main(void){return 0;}

Determining if files ;ldap_ssl.h exist failed with the following output:
Change Dir: C:/Users/Luckshya/source/repos/httpreq-sqmod/build32/CMakeFiles/CMakeTmp

Run Build Command(s):C:/Program Files (x86)/Microsoft Visual Studio/2017/Community/MSBuild/15.0/Bin/MSBuild.exe cmTC_be2d0.vcxproj /p:Configuration=Debug /p:Platform=Win32 /p:VisualStudioVersion=15.0 /v:m && Microsoft (R) Build Engine version 15.9.21+g9802d43bc3 for .NET Framework
Copyright (C) Microsoft Corporation. All rights reserved.

  Microsoft (R) C/C++ Optimizing Compiler Version 19.16.27026.1 for x86
  Copyright (C) Microsoft Corporation.  All rights reserved.
  
  cl /c /Zi /W3 /WX- /diagnostics:classic /Od /Ob0 /Oy- /D WIN32 /D _WINDOWS /D _WINSOCKAPI_= /D SECURITY_WIN32 /D "CMAKE_INTDIR=\"Debug\"" /D _MBCS /Gm- /RTC1 /MDd /GS /fp:precise /Zc:wchar_t /Zc:forScope /Zc:inline /Fo"cmTC_be2d0.dir\Debug\\" /Fd"cmTC_be2d0.dir\Debug\vc141.pdb" /Gd /TC /analyze- /errorReport:queue "C:\Users\Luckshya\source\repos\httpreq-sqmod\build32\CMakeFiles\CheckIncludeFiles\HAVE_LDAP_SSL_H.c"
  HAVE_LDAP_SSL_H.c
  
C:\Users\Luckshya\source\repos\httpreq-sqmod\build32\CMakeFiles\CheckIncludeFiles\HAVE_LDAP_SSL_H.c(2): fatal error C1083: Cannot open include file: 'ldap_ssl.h': No such file or directory [C:\Users\Luckshya\source\repos\httpreq-sqmod\build32\CMakeFiles\CMakeTmp\cmTC_be2d0.vcxproj]


Source:
/* */
#include <ldap_ssl.h>


int main(void){return 0;}

Determining if files ;ldapssl.h exist failed with the following output:
Change Dir: C:/Users/Luckshya/source/repos/httpreq-sqmod/build32/CMakeFiles/CMakeTmp

Run Build Command(s):C:/Program Files (x86)/Microsoft Visual Studio/2017/Community/MSBuild/15.0/Bin/MSBuild.exe cmTC_83776.vcxproj /p:Configuration=Debug /p:Platform=Win32 /p:VisualStudioVersion=15.0 /v:m && Microsoft (R) Build Engine version 15.9.21+g9802d43bc3 for .NET Framework
Copyright (C) Microsoft Corporation. All rights reserved.

  Microsoft (R) C/C++ Optimizing Compiler Version 19.16.27026.1 for x86
  Copyright (C) Microsoft Corporation.  All rights reserved.
  
  cl /c /Zi /W3 /WX- /diagnostics:classic /Od /Ob0 /Oy- /D WIN32 /D _WINDOWS /D _WINSOCKAPI_= /D SECURITY_WIN32 /D "CMAKE_INTDIR=\"Debug\"" /D _MBCS /Gm- /RTC1 /MDd /GS /fp:precise /Zc:wchar_t /Zc:forScope /Zc:inline /Fo"cmTC_83776.dir\Debug\\" /Fd"cmTC_83776.dir\Debug\vc141.pdb" /Gd /TC /analyze- /errorReport:queue "C:\Users\Luckshya\source\repos\httpreq-sqmod\build32\CMakeFiles\CheckIncludeFiles\HAVE_LDAPSSL_H.c"
  HAVE_LDAPSSL_H.c
  
C:\Users\Luckshya\source\repos\httpreq-sqmod\build32\CMakeFiles\CheckIncludeFiles\HAVE_LDAPSSL_H.c(2): fatal error C1083: Cannot open include file: 'ldapssl.h': No such file or directory [C:\Users\Luckshya\source\repos\httpreq-sqmod\build32\CMakeFiles\CMakeTmp\cmTC_83776.vcxproj]


Source:
/* */
#include <ldapssl.h>


int main(void){return 0;}

Determining if the function idn2_lookup_ul exists in the idn2;wldap32;winmm;ws2_32;crypt32 failed with the following output:
Change Dir: C:/Users/Luckshya/source/repos/httpreq-sqmod/build32/CMakeFiles/CMakeTmp

Run Build Command(s):C:/Program Files (x86)/Microsoft Visual Studio/2017/Community/MSBuild/15.0/Bin/MSBuild.exe cmTC_d5c92.vcxproj /p:Configuration=Debug /p:Platform=Win32 /p:VisualStudioVersion=15.0 /v:m && Microsoft (R) Build Engine version 15.9.21+g9802d43bc3 for .NET Framework
Copyright (C) Microsoft Corporation. All rights reserved.

  Microsoft (R) C/C++ Optimizing Compiler Version 19.16.27026.1 for x86
  Copyright (C) Microsoft Corporation.  All rights reserved.
  
  cl /c /Zi /W3 /WX- /diagnostics:classic /Od /Ob0 /Oy- /D WIN32 /D _WINDOWS /D CHECK_FUNCTION_EXISTS=idn2_lookup_ul /D _WINSOCKAPI_= /D SECURITY_WIN32 /D "CMAKE_INTDIR=\"Debug\"" /D _MBCS /Gm- /RTC1 /MDd /GS /fp:precise /Zc:wchar_t /Zc:forScope /Zc:inline /Fo"cmTC_d5c92.dir\Debug\\" /Fd"cmTC_d5c92.dir\Debug\vc141.pdb" /Gd /TC /analyze- /errorReport:queue "C:\Program Files\CMake\share\cmake-3.16\Modules\CheckFunctionExists.c"
  CheckFunctionExists.c
  
LINK : fatal error LNK1104: cannot open file 'idn2.lib' [C:\Users\Luckshya\source\repos\httpreq-sqmod\build32\CMakeFiles\CMakeTmp\cmTC_d5c92.vcxproj]



Performing C SOURCE FILE Test USE_UNIX_SOCKETS failed with the following output:
Change Dir: C:/Users/Luckshya/source/repos/httpreq-sqmod/build32/CMakeFiles/CMakeTmp

Run Build Command(s):C:/Program Files (x86)/Microsoft Visual Studio/2017/Community/MSBuild/15.0/Bin/MSBuild.exe cmTC_2cb13.vcxproj /p:Configuration=Debug /p:Platform=Win32 /p:VisualStudioVersion=15.0 /v:m && Microsoft (R) Build Engine version 15.9.21+g9802d43bc3 for .NET Framework
Copyright (C) Microsoft Corporation. All rights reserved.

  Microsoft (R) C/C++ Optimizing Compiler Version 19.16.27026.1 for x86
  Copyright (C) Microsoft Corporation.  All rights reserved.
  
  cl /c /Zi /W3 /WX- /diagnostics:classic /Od /Ob0 /Oy- /D WIN32 /D _WINDOWS /D USE_UNIX_SOCKETS /D _WINSOCKAPI_= /D SECURITY_WIN32 /D "CMAKE_INTDIR=\"Debug\"" /D _MBCS /Gm- /RTC1 /MDd /GS /fp:precise /Zc:wchar_t /Zc:forScope /Zc:inline /Fo"cmTC_2cb13.dir\Debug\\" /Fd"cmTC_2cb13.dir\Debug\vc141.pdb" /Gd /TC /analyze- /errorReport:queue "C:\Users\Luckshya\source\repos\httpreq-sqmod\build32\CMakeFiles\CMakeTmp\src.c"
  src.c
  
C:\Users\Luckshya\source\repos\httpreq-sqmod\build32\CMakeFiles\CMakeTmp\src.c(2): fatal error C1083: Cannot open include file: 'sys/un.h': No such file or directory [C:\Users\Luckshya\source\repos\httpreq-sqmod\build32\CMakeFiles\CMakeTmp\cmTC_2cb13.vcxproj]


Source file was:

#include <sys/un.h>

int main()
{
  (void)sizeof(((struct sockaddr_un *)0)->sun_path);
  return 0;
}

Determining if files windows.h;winsock.h;ws2tcpip.h;winsock2.h;stdio.h;sys/filio.h exist failed with the following output:
Change Dir: C:/Users/Luckshya/source/repos/httpreq-sqmod/build32/CMakeFiles/CMakeTmp

Run Build Command(s):C:/Program Files (x86)/Microsoft Visual Studio/2017/Community/MSBuild/15.0/Bin/MSBuild.exe cmTC_bbdb6.vcxproj /p:Configuration=Debug /p:Platform=Win32 /p:VisualStudioVersion=15.0 /v:m && Microsoft (R) Build Engine version 15.9.21+g9802d43bc3 for .NET Framework
Copyright (C) Microsoft Corporation. All rights reserved.

  Microsoft (R) C/C++ Optimizing Compiler Version 19.16.27026.1 for x86
  Copyright (C) Microsoft Corporation.  All rights reserved.
  
  cl /c /Zi /W3 /WX- /diagnostics:classic /Od /Ob0 /Oy- /D WIN32 /D _WINDOWS /D _WINSOCKAPI_= /D SECURITY_WIN32 /D "CMAKE_INTDIR=\"Debug\"" /D _MBCS /Gm- /RTC1 /MDd /GS /fp:precise /Zc:wchar_t /Zc:forScope /Zc:inline /Fo"cmTC_bbdb6.dir\Debug\\" /Fd"cmTC_bbdb6.dir\Debug\vc141.pdb" /Gd /TC /analyze- /errorReport:queue "C:\Users\Luckshya\source\repos\httpreq-sqmod\build32\CMakeFiles\CheckIncludeFiles\HAVE_SYS_FILIO_H.c"
  HAVE_SYS_FILIO_H.c
  
C:\Users\Luckshya\source\repos\httpreq-sqmod\build32\CMakeFiles\CheckIncludeFiles\HAVE_SYS_FILIO_H.c(7): fatal error C1083: Cannot open include file: 'sys/filio.h': No such file or directory [C:\Users\Luckshya\source\repos\httpreq-sqmod\build32\CMakeFiles\CMakeTmp\cmTC_bbdb6.vcxproj]


Source:
/* */
#include <windows.h>
#include <winsock.h>
#include <ws2tcpip.h>
#include <winsock2.h>
#include <stdio.h>
#include <sys/filio.h>


int main(void){return 0;}

Determining if files windows.h;winsock.h;ws2tcpip.h;winsock2.h;stdio.h;sys/ioctl.h exist failed with the following output:
Change Dir: C:/Users/Luckshya/source/repos/httpreq-sqmod/build32/CMakeFiles/CMakeTmp

Run Build Command(s):C:/Program Files (x86)/Microsoft Visual Studio/2017/Community/MSBuild/15.0/Bin/MSBuild.exe cmTC_c3fa5.vcxproj /p:Configuration=Debug /p:Platform=Win32 /p:VisualStudioVersion=15.0 /v:m && Microsoft (R) Build Engine version 15.9.21+g9802d43bc3 for .NET Framework
Copyright (C) Microsoft Corporation. All rights reserved.

  Microsoft (R) C/C++ Optimizing Compiler Version 19.16.27026.1 for x86
  Copyright (C) Microsoft Corporation.  All rights reserved.
  
  cl /c /Zi /W3 /WX- /diagnostics:classic /Od /Ob0 /Oy- /D WIN32 /D _WINDOWS /D _WINSOCKAPI_= /D SECURITY_WIN32 /D "CMAKE_INTDIR=\"Debug\"" /D _MBCS /Gm- /RTC1 /MDd /GS /fp:precise /Zc:wchar_t /Zc:forScope /Zc:inline /Fo"cmTC_c3fa5.dir\Debug\\" /Fd"cmTC_c3fa5.dir\Debug\vc141.pdb" /Gd /TC /analyze- /errorReport:queue "C:\Users\Luckshya\source\repos\httpreq-sqmod\build32\CMakeFiles\CheckIncludeFiles\HAVE_SYS_IOCTL_H.c"
  HAVE_SYS_IOCTL_H.c
  
C:\Users\Luckshya\source\repos\httpreq-sqmod\build32\CMakeFiles\CheckIncludeFiles\HAVE_SYS_IOCTL_H.c(7): fatal error C1083: Cannot open include file: 'sys/ioctl.h': No such file or directory [C:\Users\Luckshya\source\repos\httpreq-sqmod\build32\CMakeFiles\CMakeTmp\cmTC_c3fa5.vcxproj]


Source:
/* */
#include <windows.h>
#include <winsock.h>
#include <ws2tcpip.h>
#include <winsock2.h>
#include <stdio.h>
#include <sys/ioctl.h>


int main(void){return 0;}

Determining if files windows.h;winsock.h;ws2tcpip.h;winsock2.h;stdio.h;sys/resource.h exist failed with the following output:
Change Dir: C:/Users/Luckshya/source/repos/httpreq-sqmod/build32/CMakeFiles/CMakeTmp

Run Build Command(s):C:/Program Files (x86)/Microsoft Visual Studio/2017/Community/MSBuild/15.0/Bin/MSBuild.exe cmTC_99d2a.vcxproj /p:Configuration=Debug /p:Platform=Win32 /p:VisualStudioVersion=15.0 /v:m && Microsoft (R) Build Engine version 15.9.21+g9802d43bc3 for .NET Framework
Copyright (C) Microsoft Corporation. All rights reserved.

  Microsoft (R) C/C++ Optimizing Compiler Version 19.16.27026.1 for x86
  Copyright (C) Microsoft Corporation.  All rights reserved.
  
  cl /c /Zi /W3 /WX- /diagnostics:classic /Od /Ob0 /Oy- /D WIN32 /D _WINDOWS /D _WINSOCKAPI_= /D SECURITY_WIN32 /D "CMAKE_INTDIR=\"Debug\"" /D _MBCS /Gm- /RTC1 /MDd /GS /fp:precise /Zc:wchar_t /Zc:forScope /Zc:inline /Fo"cmTC_99d2a.dir\Debug\\" /Fd"cmTC_99d2a.dir\Debug\vc141.pdb" /Gd /TC /analyze- /errorReport:queue "C:\Users\Luckshya\source\repos\httpreq-sqmod\build32\CMakeFiles\CheckIncludeFiles\HAVE_SYS_RESOURCE_H.c"
  HAVE_SYS_RESOURCE_H.c
  
C:\Users\Luckshya\source\repos\httpreq-sqmod\build32\CMakeFiles\CheckIncludeFiles\HAVE_SYS_RESOURCE_H.c(7): fatal error C1083: Cannot open include file: 'sys/resource.h': No such file or directory [C:\Users\Luckshya\source\repos\httpreq-sqmod\build32\CMakeFiles\CMakeTmp\cmTC_99d2a.vcxproj]


Source:
/* */
#include <windows.h>
#include <winsock.h>
#include <ws2tcpip.h>
#include <winsock2.h>
#include <stdio.h>
#include <sys/resource.h>


int main(void){return 0;}

Determining if files windows.h;winsock.h;ws2tcpip.h;winsock2.h;stdio.h;sys/stat.h;sys/types.h;sys/uio.h exist failed with the following output:
Change Dir: C:/Users/Luckshya/source/repos/httpreq-sqmod/build32/CMakeFiles/CMakeTmp

Run Build Command(s):C:/Program Files (x86)/Microsoft Visual Studio/2017/Community/MSBuild/15.0/Bin/MSBuild.exe cmTC_04528.vcxproj /p:Configuration=Debug /p:Platform=Win32 /p:VisualStudioVersion=15.0 /v:m && Microsoft (R) Build Engine version 15.9.21+g9802d43bc3 for .NET Framework
Copyright (C) Microsoft Corporation. All rights reserved.

  Microsoft (R) C/C++ Optimizing Compiler Version 19.16.27026.1 for x86
  Copyright (C) Microsoft Corporation.  All rights reserved.
  
  cl /c /Zi /W3 /WX- /diagnostics:classic /Od /Ob0 /Oy- /D WIN32 /D _WINDOWS /D _WINSOCKAPI_= /D SECURITY_WIN32 /D "CMAKE_INTDIR=\"Debug\"" /D _MBCS /Gm- /RTC1 /MDd /GS /fp:precise /Zc:wchar_t /Zc:forScope /Zc:inline /Fo"cmTC_04528.dir\Debug\\" /Fd"cmTC_04528.dir\Debug\vc141.pdb" /Gd /TC /analyze- /errorReport:queue "C:\Users\Luckshya\source\repos\httpreq-sqmod\build32\CMakeFiles\CheckIncludeFiles\HAVE_SYS_UIO_H.c"
  HAVE_SYS_UIO_H.c
  
C:\Users\Luckshya\source\repos\httpreq-sqmod\build32\CMakeFiles\CheckIncludeFiles\HAVE_SYS_UIO_H.c(9): fatal error C1083: Cannot open include file: 'sys/uio.h': No such file or directory [C:\Users\Luckshya\source\repos\httpreq-sqmod\build32\CMakeFiles\CMakeTmp\cmTC_04528.vcxproj]


Source:
/* */
#include <windows.h>
#include <winsock.h>
#include <ws2tcpip.h>
#include <winsock2.h>
#include <stdio.h>
#include <sys/stat.h>
#include <sys/types.h>
#include <sys/uio.h>


int main(void){return 0;}

Determining if files windows.h;winsock.h;ws2tcpip.h;winsock2.h;stdio.h;sys/stat.h;sys/types.h;sys/un.h exist failed with the following output:
Change Dir: C:/Users/Luckshya/source/repos/httpreq-sqmod/build32/CMakeFiles/CMakeTmp

Run Build Command(s):C:/Program Files (x86)/Microsoft Visual Studio/2017/Community/MSBuild/15.0/Bin/MSBuild.exe cmTC_6e3d3.vcxproj /p:Configuration=Debug /p:Platform=Win32 /p:VisualStudioVersion=15.0 /v:m && Microsoft (R) Build Engine version 15.9.21+g9802d43bc3 for .NET Framework
Copyright (C) Microsoft Corporation. All rights reserved.

  Microsoft (R) C/C++ Optimizing Compiler Version 19.16.27026.1 for x86
  Copyright (C) Microsoft Corporation.  All rights reserved.
  
  cl /c /Zi /W3 /WX- /diagnostics:classic /Od /Ob0 /Oy- /D WIN32 /D _WINDOWS /D _WINSOCKAPI_= /D SECURITY_WIN32 /D "CMAKE_INTDIR=\"Debug\"" /D _MBCS /Gm- /RTC1 /MDd /GS /fp:precise /Zc:wchar_t /Zc:forScope /Zc:inline /Fo"cmTC_6e3d3.dir\Debug\\" /Fd"cmTC_6e3d3.dir\Debug\vc141.pdb" /Gd /TC /analyze- /errorReport:queue "C:\Users\Luckshya\source\repos\httpreq-sqmod\build32\CMakeFiles\CheckIncludeFiles\HAVE_SYS_UN_H.c"
  HAVE_SYS_UN_H.c
  
C:\Users\Luckshya\source\repos\httpreq-sqmod\build32\CMakeFiles\CheckIncludeFiles\HAVE_SYS_UN_H.c(9): fatal error C1083: Cannot open include file: 'sys/un.h': No such file or directory [C:\Users\Luckshya\source\repos\httpreq-sqmod\build32\CMakeFiles\CMakeTmp\cmTC_6e3d3.vcxproj]


Source:
/* */
#include <windows.h>
#include <winsock.h>
#include <ws2tcpip.h>
#include <winsock2.h>
#include <stdio.h>
#include <sys/stat.h>
#include <sys/types.h>
#include <sys/un.h>


int main(void){return 0;}

Determining if files windows.h;winsock.h;ws2tcpip.h;winsock2.h;stdio.h;sys/stat.h;sys/types.h;sys/utime.h;sys/xattr.h exist failed with the following output:
Change Dir: C:/Users/Luckshya/source/repos/httpreq-sqmod/build32/CMakeFiles/CMakeTmp

Run Build Command(s):C:/Program Files (x86)/Microsoft Visual Studio/2017/Community/MSBuild/15.0/Bin/MSBuild.exe cmTC_60e0c.vcxproj /p:Configuration=Debug /p:Platform=Win32 /p:VisualStudioVersion=15.0 /v:m && Microsoft (R) Build Engine version 15.9.21+g9802d43bc3 for .NET Framework
Copyright (C) Microsoft Corporation. All rights reserved.

  Microsoft (R) C/C++ Optimizing Compiler Version 19.16.27026.1 for x86
  Copyright (C) Microsoft Corporation.  All rights reserved.
  
  cl /c /Zi /W3 /WX- /diagnostics:classic /Od /Ob0 /Oy- /D WIN32 /D _WINDOWS /D _WINSOCKAPI_= /D SECURITY_WIN32 /D "CMAKE_INTDIR=\"Debug\"" /D _MBCS /Gm- /RTC1 /MDd /GS /fp:precise /Zc:wchar_t /Zc:forScope /Zc:inline /Fo"cmTC_60e0c.dir\Debug\\" /Fd"cmTC_60e0c.dir\Debug\vc141.pdb" /Gd /TC /analyze- /errorReport:queue "C:\Users\Luckshya\source\repos\httpreq-sqmod\build32\CMakeFiles\CheckIncludeFiles\HAVE_SYS_XATTR_H.c"
  HAVE_SYS_XATTR_H.c
  
C:\Users\Luckshya\source\repos\httpreq-sqmod\build32\CMakeFiles\CheckIncludeFiles\HAVE_SYS_XATTR_H.c(10): fatal error C1083: Cannot open include file: 'sys/xattr.h': No such file or directory [C:\Users\Luckshya\source\repos\httpreq-sqmod\build32\CMakeFiles\CMakeTmp\cmTC_60e0c.vcxproj]


Source:
/* */
#include <windows.h>
#include <winsock.h>
#include <ws2tcpip.h>
#include <winsock2.h>
#include <stdio.h>
#include <sys/stat.h>
#include <sys/types.h>
#include <sys/utime.h>
#include <sys/xattr.h>


int main(void){return 0;}

Determining if files windows.h;winsock.h;ws2tcpip.h;winsock2.h;stdio.h;sys/stat.h;sys/types.h;sys/utime.h;arpa/tftp.h exist failed with the following output:
Change Dir: C:/Users/Luckshya/source/repos/httpreq-sqmod/build32/CMakeFiles/CMakeTmp

Run Build Command(s):C:/Program Files (x86)/Microsoft Visual Studio/2017/Community/MSBuild/15.0/Bin/MSBuild.exe cmTC_c8f6b.vcxproj /p:Configuration=Debug /p:Platform=Win32 /p:VisualStudioVersion=15.0 /v:m && Microsoft (R) Build Engine version 15.9.21+g9802d43bc3 for .NET Framework
Copyright (C) Microsoft Corporation. All rights reserved.

  Microsoft (R) C/C++ Optimizing Compiler Version 19.16.27026.1 for x86
  Copyright (C) Microsoft Corporation.  All rights reserved.
  
  cl /c /Zi /W3 /WX- /diagnostics:classic /Od /Ob0 /Oy- /D WIN32 /D _WINDOWS /D _WINSOCKAPI_= /D SECURITY_WIN32 /D "CMAKE_INTDIR=\"Debug\"" /D _MBCS /Gm- /RTC1 /MDd /GS /fp:precise /Zc:wchar_t /Zc:forScope /Zc:inline /Fo"cmTC_c8f6b.dir\Debug\\" /Fd"cmTC_c8f6b.dir\Debug\vc141.pdb" /Gd /TC /analyze- /errorReport:queue "C:\Users\Luckshya\source\repos\httpreq-sqmod\build32\CMakeFiles\CheckIncludeFiles\HAVE_ARPA_TFTP_H.c"
  HAVE_ARPA_TFTP_H.c
  
C:\Users\Luckshya\source\repos\httpreq-sqmod\build32\CMakeFiles\CheckIncludeFiles\HAVE_ARPA_TFTP_H.c(10): fatal error C1083: Cannot open include file: 'arpa/tftp.h': No such file or directory [C:\Users\Luckshya\source\repos\httpreq-sqmod\build32\CMakeFiles\CMakeTmp\cmTC_c8f6b.vcxproj]


Source:
/* */
#include <windows.h>
#include <winsock.h>
#include <ws2tcpip.h>
#include <winsock2.h>
#include <stdio.h>
#include <sys/stat.h>
#include <sys/types.h>
#include <sys/utime.h>
#include <arpa/tftp.h>


int main(void){return 0;}

Determining if files windows.h;winsock.h;ws2tcpip.h;winsock2.h;stdio.h;sys/stat.h;sys/types.h;sys/utime.h;assert.h;crypto.h exist failed with the following output:
Change Dir: C:/Users/Luckshya/source/repos/httpreq-sqmod/build32/CMakeFiles/CMakeTmp

Run Build Command(s):C:/Program Files (x86)/Microsoft Visual Studio/2017/Community/MSBuild/15.0/Bin/MSBuild.exe cmTC_e1780.vcxproj /p:Configuration=Debug /p:Platform=Win32 /p:VisualStudioVersion=15.0 /v:m && Microsoft (R) Build Engine version 15.9.21+g9802d43bc3 for .NET Framework
Copyright (C) Microsoft Corporation. All rights reserved.

  Microsoft (R) C/C++ Optimizing Compiler Version 19.16.27026.1 for x86
  Copyright (C) Microsoft Corporation.  All rights reserved.
  
  cl /c /Zi /W3 /WX- /diagnostics:classic /Od /Ob0 /Oy- /D WIN32 /D _WINDOWS /D _WINSOCKAPI_= /D SECURITY_WIN32 /D "CMAKE_INTDIR=\"Debug\"" /D _MBCS /Gm- /RTC1 /MDd /GS /fp:precise /Zc:wchar_t /Zc:forScope /Zc:inline /Fo"cmTC_e1780.dir\Debug\\" /Fd"cmTC_e1780.dir\Debug\vc141.pdb" /Gd /TC /analyze- /errorReport:queue "C:\Users\Luckshya\source\repos\httpreq-sqmod\build32\CMakeFiles\CheckIncludeFiles\HAVE_CRYPTO_H.c"
  HAVE_CRYPTO_H.c
  
C:\Users\Luckshya\source\repos\httpreq-sqmod\build32\CMakeFiles\CheckIncludeFiles\HAVE_CRYPTO_H.c(11): fatal error C1083: Cannot open include file: 'crypto.h': No such file or directory [C:\Users\Luckshya\source\repos\httpreq-sqmod\build32\CMakeFiles\CMakeTmp\cmTC_e1780.vcxproj]


Source:
/* */
#include <windows.h>
#include <winsock.h>
#include <ws2tcpip.h>
#include <winsock2.h>
#include <stdio.h>
#include <sys/stat.h>
#include <sys/types.h>
#include <sys/utime.h>
#include <assert.h>
#include <crypto.h>


int main(void){return 0;}

Determining if files windows.h;winsock.h;ws2tcpip.h;winsock2.h;stdio.h;sys/stat.h;sys/types.h;sys/utime.h;assert.h;des.h exist failed with the following output:
Change Dir: C:/Users/Luckshya/source/repos/httpreq-sqmod/build32/CMakeFiles/CMakeTmp

Run Build Command(s):C:/Program Files (x86)/Microsoft Visual Studio/2017/Community/MSBuild/15.0/Bin/MSBuild.exe cmTC_7ae7f.vcxproj /p:Configuration=Debug /p:Platform=Win32 /p:VisualStudioVersion=15.0 /v:m && Microsoft (R) Build Engine version 15.9.21+g9802d43bc3 for .NET Framework
Copyright (C) Microsoft Corporation. All rights reserved.

  Microsoft (R) C/C++ Optimizing Compiler Version 19.16.27026.1 for x86
  Copyright (C) Microsoft Corporation.  All rights reserved.
  
  cl /c /Zi /W3 /WX- /diagnostics:classic /Od /Ob0 /Oy- /D WIN32 /D _WINDOWS /D _WINSOCKAPI_= /D SECURITY_WIN32 /D "CMAKE_INTDIR=\"Debug\"" /D _MBCS /Gm- /RTC1 /MDd /GS /fp:precise /Zc:wchar_t /Zc:forScope /Zc:inline /Fo"cmTC_7ae7f.dir\Debug\\" /Fd"cmTC_7ae7f.dir\Debug\vc141.pdb" /Gd /TC /analyze- /errorReport:queue "C:\Users\Luckshya\source\repos\httpreq-sqmod\build32\CMakeFiles\CheckIncludeFiles\HAVE_DES_H.c"
  HAVE_DES_H.c
  
C:\Users\Luckshya\source\repos\httpreq-sqmod\build32\CMakeFiles\CheckIncludeFiles\HAVE_DES_H.c(11): fatal error C1083: Cannot open include file: 'des.h': No such file or directory [C:\Users\Luckshya\source\repos\httpreq-sqmod\build32\CMakeFiles\CMakeTmp\cmTC_7ae7f.vcxproj]


Source:
/* */
#include <windows.h>
#include <winsock.h>
#include <ws2tcpip.h>
#include <winsock2.h>
#include <stdio.h>
#include <sys/stat.h>
#include <sys/types.h>
#include <sys/utime.h>
#include <assert.h>
#include <des.h>


int main(void){return 0;}

Determining if files windows.h;winsock.h;ws2tcpip.h;winsock2.h;stdio.h;sys/stat.h;sys/types.h;sys/utime.h;assert.h;err.h exist failed with the following output:
Change Dir: C:/Users/Luckshya/source/repos/httpreq-sqmod/build32/CMakeFiles/CMakeTmp

Run Build Command(s):C:/Program Files (x86)/Microsoft Visual Studio/2017/Community/MSBuild/15.0/Bin/MSBuild.exe cmTC_9f41b.vcxproj /p:Configuration=Debug /p:Platform=Win32 /p:VisualStudioVersion=15.0 /v:m && Microsoft (R) Build Engine version 15.9.21+g9802d43bc3 for .NET Framework
Copyright (C) Microsoft Corporation. All rights reserved.

  Microsoft (R) C/C++ Optimizing Compiler Version 19.16.27026.1 for x86
  Copyright (C) Microsoft Corporation.  All rights reserved.
  
  cl /c /Zi /W3 /WX- /diagnostics:classic /Od /Ob0 /Oy- /D WIN32 /D _WINDOWS /D _WINSOCKAPI_= /D SECURITY_WIN32 /D "CMAKE_INTDIR=\"Debug\"" /D _MBCS /Gm- /RTC1 /MDd /GS /fp:precise /Zc:wchar_t /Zc:forScope /Zc:inline /Fo"cmTC_9f41b.dir\Debug\\" /Fd"cmTC_9f41b.dir\Debug\vc141.pdb" /Gd /TC /analyze- /errorReport:queue "C:\Users\Luckshya\source\repos\httpreq-sqmod\build32\CMakeFiles\CheckIncludeFiles\HAVE_ERR_H.c"
  HAVE_ERR_H.c
  
C:\Users\Luckshya\source\repos\httpreq-sqmod\build32\CMakeFiles\CheckIncludeFiles\HAVE_ERR_H.c(11): fatal error C1083: Cannot open include file: 'err.h': No such file or directory [C:\Users\Luckshya\source\repos\httpreq-sqmod\build32\CMakeFiles\CMakeTmp\cmTC_9f41b.vcxproj]


Source:
/* */
#include <windows.h>
#include <winsock.h>
#include <ws2tcpip.h>
#include <winsock2.h>
#include <stdio.h>
#include <sys/stat.h>
#include <sys/types.h>
#include <sys/utime.h>
#include <assert.h>
#include <err.h>


int main(void){return 0;}

Determining if files windows.h;winsock.h;ws2tcpip.h;winsock2.h;stdio.h;sys/stat.h;sys/types.h;sys/utime.h;assert.h;errno.h;fcntl.h;idn2.h exist failed with the following output:
Change Dir: C:/Users/Luckshya/source/repos/httpreq-sqmod/build32/CMakeFiles/CMakeTmp

Run Build Command(s):C:/Program Files (x86)/Microsoft Visual Studio/2017/Community/MSBuild/15.0/Bin/MSBuild.exe cmTC_8f501.vcxproj /p:Configuration=Debug /p:Platform=Win32 /p:VisualStudioVersion=15.0 /v:m && Microsoft (R) Build Engine version 15.9.21+g9802d43bc3 for .NET Framework
Copyright (C) Microsoft Corporation. All rights reserved.

  Microsoft (R) C/C++ Optimizing Compiler Version 19.16.27026.1 for x86
  Copyright (C) Microsoft Corporation.  All rights reserved.
  
  cl /c /Zi /W3 /WX- /diagnostics:classic /Od /Ob0 /Oy- /D WIN32 /D _WINDOWS /D _WINSOCKAPI_= /D SECURITY_WIN32 /D "CMAKE_INTDIR=\"Debug\"" /D _MBCS /Gm- /RTC1 /MDd /GS /fp:precise /Zc:wchar_t /Zc:forScope /Zc:inline /Fo"cmTC_8f501.dir\Debug\\" /Fd"cmTC_8f501.dir\Debug\vc141.pdb" /Gd /TC /analyze- /errorReport:queue "C:\Users\Luckshya\source\repos\httpreq-sqmod\build32\CMakeFiles\CheckIncludeFiles\HAVE_IDN2_H.c"
  HAVE_IDN2_H.c
  
C:\Users\Luckshya\source\repos\httpreq-sqmod\build32\CMakeFiles\CheckIncludeFiles\HAVE_IDN2_H.c(13): fatal error C1083: Cannot open include file: 'idn2.h': No such file or directory [C:\Users\Luckshya\source\repos\httpreq-sqmod\build32\CMakeFiles\CMakeTmp\cmTC_8f501.vcxproj]


Source:
/* */
#include <windows.h>
#include <winsock.h>
#include <ws2tcpip.h>
#include <winsock2.h>
#include <stdio.h>
#include <sys/stat.h>
#include <sys/types.h>
#include <sys/utime.h>
#include <assert.h>
#include <errno.h>
#include <fcntl.h>
#include <idn2.h>


int main(void){return 0;}

Determining if files windows.h;winsock.h;ws2tcpip.h;winsock2.h;stdio.h;sys/stat.h;sys/types.h;sys/utime.h;assert.h;errno.h;fcntl.h;ifaddrs.h exist failed with the following output:
Change Dir: C:/Users/Luckshya/source/repos/httpreq-sqmod/build32/CMakeFiles/CMakeTmp

Run Build Command(s):C:/Program Files (x86)/Microsoft Visual Studio/2017/Community/MSBuild/15.0/Bin/MSBuild.exe cmTC_ea20e.vcxproj /p:Configuration=Debug /p:Platform=Win32 /p:VisualStudioVersion=15.0 /v:m && Microsoft (R) Build Engine version 15.9.21+g9802d43bc3 for .NET Framework
Copyright (C) Microsoft Corporation. All rights reserved.

  Microsoft (R) C/C++ Optimizing Compiler Version 19.16.27026.1 for x86
  Copyright (C) Microsoft Corporation.  All rights reserved.
  
  cl /c /Zi /W3 /WX- /diagnostics:classic /Od /Ob0 /Oy- /D WIN32 /D _WINDOWS /D _WINSOCKAPI_= /D SECURITY_WIN32 /D "CMAKE_INTDIR=\"Debug\"" /D _MBCS /Gm- /RTC1 /MDd /GS /fp:precise /Zc:wchar_t /Zc:forScope /Zc:inline /Fo"cmTC_ea20e.dir\Debug\\" /Fd"cmTC_ea20e.dir\Debug\vc141.pdb" /Gd /TC /analyze- /errorReport:queue "C:\Users\Luckshya\source\repos\httpreq-sqmod\build32\CMakeFiles\CheckIncludeFiles\HAVE_IFADDRS_H.c"
  HAVE_IFADDRS_H.c
  
C:\Users\Luckshya\source\repos\httpreq-sqmod\build32\CMakeFiles\CheckIncludeFiles\HAVE_IFADDRS_H.c(13): fatal error C1083: Cannot open include file: 'ifaddrs.h': No such file or directory [C:\Users\Luckshya\source\repos\httpreq-sqmod\build32\CMakeFiles\CMakeTmp\cmTC_ea20e.vcxproj]


Source:
/* */
#include <windows.h>
#include <winsock.h>
#include <ws2tcpip.h>
#include <winsock2.h>
#include <stdio.h>
#include <sys/stat.h>
#include <sys/types.h>
#include <sys/utime.h>
#include <assert.h>
#include <errno.h>
#include <fcntl.h>
#include <ifaddrs.h>


int main(void){return 0;}

Determining if files windows.h;winsock.h;ws2tcpip.h;winsock2.h;stdio.h;sys/stat.h;sys/types.h;sys/utime.h;assert.h;errno.h;fcntl.h;io.h;krb.h exist failed with the following output:
Change Dir: C:/Users/Luckshya/source/repos/httpreq-sqmod/build32/CMakeFiles/CMakeTmp

Run Build Command(s):C:/Program Files (x86)/Microsoft Visual Studio/2017/Community/MSBuild/15.0/Bin/MSBuild.exe cmTC_90d21.vcxproj /p:Configuration=Debug /p:Platform=Win32 /p:VisualStudioVersion=15.0 /v:m && Microsoft (R) Build Engine version 15.9.21+g9802d43bc3 for .NET Framework
Copyright (C) Microsoft Corporation. All rights reserved.

  Microsoft (R) C/C++ Optimizing Compiler Version 19.16.27026.1 for x86
  Copyright (C) Microsoft Corporation.  All rights reserved.
  
  cl /c /Zi /W3 /WX- /diagnostics:classic /Od /Ob0 /Oy- /D WIN32 /D _WINDOWS /D _WINSOCKAPI_= /D SECURITY_WIN32 /D "CMAKE_INTDIR=\"Debug\"" /D _MBCS /Gm- /RTC1 /MDd /GS /fp:precise /Zc:wchar_t /Zc:forScope /Zc:inline /Fo"cmTC_90d21.dir\Debug\\" /Fd"cmTC_90d21.dir\Debug\vc141.pdb" /Gd /TC /analyze- /errorReport:queue "C:\Users\Luckshya\source\repos\httpreq-sqmod\build32\CMakeFiles\CheckIncludeFiles\HAVE_KRB_H.c"
  HAVE_KRB_H.c
  
C:\Users\Luckshya\source\repos\httpreq-sqmod\build32\CMakeFiles\CheckIncludeFiles\HAVE_KRB_H.c(14): fatal error C1083: Cannot open include file: 'krb.h': No such file or directory [C:\Users\Luckshya\source\repos\httpreq-sqmod\build32\CMakeFiles\CMakeTmp\cmTC_90d21.vcxproj]


Source:
/* */
#include <windows.h>
#include <winsock.h>
#include <ws2tcpip.h>
#include <winsock2.h>
#include <stdio.h>
#include <sys/stat.h>
#include <sys/types.h>
#include <sys/utime.h>
#include <assert.h>
#include <errno.h>
#include <fcntl.h>
#include <io.h>
#include <krb.h>


int main(void){return 0;}

Determining if files windows.h;winsock.h;ws2tcpip.h;winsock2.h;stdio.h;sys/stat.h;sys/types.h;sys/utime.h;assert.h;errno.h;fcntl.h;io.h;libgen.h exist failed with the following output:
Change Dir: C:/Users/Luckshya/source/repos/httpreq-sqmod/build32/CMakeFiles/CMakeTmp

Run Build Command(s):C:/Program Files (x86)/Microsoft Visual Studio/2017/Community/MSBuild/15.0/Bin/MSBuild.exe cmTC_a09b0.vcxproj /p:Configuration=Debug /p:Platform=Win32 /p:VisualStudioVersion=15.0 /v:m && Microsoft (R) Build Engine version 15.9.21+g9802d43bc3 for .NET Framework
Copyright (C) Microsoft Corporation. All rights reserved.

  Microsoft (R) C/C++ Optimizing Compiler Version 19.16.27026.1 for x86
  Copyright (C) Microsoft Corporation.  All rights reserved.
  
  cl /c /Zi /W3 /WX- /diagnostics:classic /Od /Ob0 /Oy- /D WIN32 /D _WINDOWS /D _WINSOCKAPI_= /D SECURITY_WIN32 /D "CMAKE_INTDIR=\"Debug\"" /D _MBCS /Gm- /RTC1 /MDd /GS /fp:precise /Zc:wchar_t /Zc:forScope /Zc:inline /Fo"cmTC_a09b0.dir\Debug\\" /Fd"cmTC_a09b0.dir\Debug\vc141.pdb" /Gd /TC /analyze- /errorReport:queue "C:\Users\Luckshya\source\repos\httpreq-sqmod\build32\CMakeFiles\CheckIncludeFiles\HAVE_LIBGEN_H.c"
  HAVE_LIBGEN_H.c
  
C:\Users\Luckshya\source\repos\httpreq-sqmod\build32\CMakeFiles\CheckIncludeFiles\HAVE_LIBGEN_H.c(14): fatal error C1083: Cannot open include file: 'libgen.h': No such file or directory [C:\Users\Luckshya\source\repos\httpreq-sqmod\build32\CMakeFiles\CMakeTmp\cmTC_a09b0.vcxproj]


Source:
/* */
#include <windows.h>
#include <winsock.h>
#include <ws2tcpip.h>
#include <winsock2.h>
#include <stdio.h>
#include <sys/stat.h>
#include <sys/types.h>
#include <sys/utime.h>
#include <assert.h>
#include <errno.h>
#include <fcntl.h>
#include <io.h>
#include <libgen.h>


int main(void){return 0;}

Determining if files windows.h;winsock.h;ws2tcpip.h;winsock2.h;stdio.h;sys/stat.h;sys/types.h;sys/utime.h;assert.h;errno.h;fcntl.h;io.h;limits.h;locale.h;netinet/tcp.h exist failed with the following output:
Change Dir: C:/Users/Luckshya/source/repos/httpreq-sqmod/build32/CMakeFiles/CMakeTmp

Run Build Command(s):C:/Program Files (x86)/Microsoft Visual Studio/2017/Community/MSBuild/15.0/Bin/MSBuild.exe cmTC_ac93b.vcxproj /p:Configuration=Debug /p:Platform=Win32 /p:VisualStudioVersion=15.0 /v:m && Microsoft (R) Build Engine version 15.9.21+g9802d43bc3 for .NET Framework
Copyright (C) Microsoft Corporation. All rights reserved.

  Microsoft (R) C/C++ Optimizing Compiler Version 19.16.27026.1 for x86
  Copyright (C) Microsoft Corporation.  All rights reserved.
  
  cl /c /Zi /W3 /WX- /diagnostics:classic /Od /Ob0 /Oy- /D WIN32 /D _WINDOWS /D _WINSOCKAPI_= /D SECURITY_WIN32 /D "CMAKE_INTDIR=\"Debug\"" /D _MBCS /Gm- /RTC1 /MDd /GS /fp:precise /Zc:wchar_t /Zc:forScope /Zc:inline /Fo"cmTC_ac93b.dir\Debug\\" /Fd"cmTC_ac93b.dir\Debug\vc141.pdb" /Gd /TC /analyze- /errorReport:queue "C:\Users\Luckshya\source\repos\httpreq-sqmod\build32\CMakeFiles\CheckIncludeFiles\HAVE_NETINET_TCP_H.c"
  HAVE_NETINET_TCP_H.c
  
C:\Users\Luckshya\source\repos\httpreq-sqmod\build32\CMakeFiles\CheckIncludeFiles\HAVE_NETINET_TCP_H.c(16): fatal error C1083: Cannot open include file: 'netinet/tcp.h': No such file or directory [C:\Users\Luckshya\source\repos\httpreq-sqmod\build32\CMakeFiles\CMakeTmp\cmTC_ac93b.vcxproj]


Source:
/* */
#include <windows.h>
#include <winsock.h>
#include <ws2tcpip.h>
#include <winsock2.h>
#include <stdio.h>
#include <sys/stat.h>
#include <sys/types.h>
#include <sys/utime.h>
#include <assert.h>
#include <errno.h>
#include <fcntl.h>
#include <io.h>
#include <limits.h>
#include <locale.h>
#include <netinet/tcp.h>


int main(void){return 0;}

Determining if files windows.h;winsock.h;ws2tcpip.h;winsock2.h;stdio.h;sys/stat.h;sys/types.h;sys/utime.h;assert.h;errno.h;fcntl.h;io.h;limits.h;locale.h;pem.h exist failed with the following output:
Change Dir: C:/Users/Luckshya/source/repos/httpreq-sqmod/build32/CMakeFiles/CMakeTmp

Run Build Command(s):C:/Program Files (x86)/Microsoft Visual Studio/2017/Community/MSBuild/15.0/Bin/MSBuild.exe cmTC_7a793.vcxproj /p:Configuration=Debug /p:Platform=Win32 /p:VisualStudioVersion=15.0 /v:m && Microsoft (R) Build Engine version 15.9.21+g9802d43bc3 for .NET Framework
Copyright (C) Microsoft Corporation. All rights reserved.

  Microsoft (R) C/C++ Optimizing Compiler Version 19.16.27026.1 for x86
  Copyright (C) Microsoft Corporation.  All rights reserved.
  
  cl /c /Zi /W3 /WX- /diagnostics:classic /Od /Ob0 /Oy- /D WIN32 /D _WINDOWS /D _WINSOCKAPI_= /D SECURITY_WIN32 /D "CMAKE_INTDIR=\"Debug\"" /D _MBCS /Gm- /RTC1 /MDd /GS /fp:precise /Zc:wchar_t /Zc:forScope /Zc:inline /Fo"cmTC_7a793.dir\Debug\\" /Fd"cmTC_7a793.dir\Debug\vc141.pdb" /Gd /TC /analyze- /errorReport:queue "C:\Users\Luckshya\source\repos\httpreq-sqmod\build32\CMakeFiles\CheckIncludeFiles\HAVE_PEM_H.c"
  HAVE_PEM_H.c
  
C:\Users\Luckshya\source\repos\httpreq-sqmod\build32\CMakeFiles\CheckIncludeFiles\HAVE_PEM_H.c(16): fatal error C1083: Cannot open include file: 'pem.h': No such file or directory [C:\Users\Luckshya\source\repos\httpreq-sqmod\build32\CMakeFiles\CMakeTmp\cmTC_7a793.vcxproj]


Source:
/* */
#include <windows.h>
#include <winsock.h>
#include <ws2tcpip.h>
#include <winsock2.h>
#include <stdio.h>
#include <sys/stat.h>
#include <sys/types.h>
#include <sys/utime.h>
#include <assert.h>
#include <errno.h>
#include <fcntl.h>
#include <io.h>
#include <limits.h>
#include <locale.h>
#include <pem.h>


int main(void){return 0;}

Determining if files windows.h;winsock.h;ws2tcpip.h;winsock2.h;stdio.h;sys/stat.h;sys/types.h;sys/utime.h;assert.h;errno.h;fcntl.h;io.h;limits.h;locale.h;poll.h exist failed with the following output:
Change Dir: C:/Users/Luckshya/source/repos/httpreq-sqmod/build32/CMakeFiles/CMakeTmp

Run Build Command(s):C:/Program Files (x86)/Microsoft Visual Studio/2017/Community/MSBuild/15.0/Bin/MSBuild.exe cmTC_38162.vcxproj /p:Configuration=Debug /p:Platform=Win32 /p:VisualStudioVersion=15.0 /v:m && Microsoft (R) Build Engine version 15.9.21+g9802d43bc3 for .NET Framework
Copyright (C) Microsoft Corporation. All rights reserved.

  Microsoft (R) C/C++ Optimizing Compiler Version 19.16.27026.1 for x86
  Copyright (C) Microsoft Corporation.  All rights reserved.
  
  cl /c /Zi /W3 /WX- /diagnostics:classic /Od /Ob0 /Oy- /D WIN32 /D _WINDOWS /D _WINSOCKAPI_= /D SECURITY_WIN32 /D "CMAKE_INTDIR=\"Debug\"" /D _MBCS /Gm- /RTC1 /MDd /GS /fp:precise /Zc:wchar_t /Zc:forScope /Zc:inline /Fo"cmTC_38162.dir\Debug\\" /Fd"cmTC_38162.dir\Debug\vc141.pdb" /Gd /TC /analyze- /errorReport:queue "C:\Users\Luckshya\source\repos\httpreq-sqmod\build32\CMakeFiles\CheckIncludeFiles\HAVE_POLL_H.c"
  HAVE_POLL_H.c
  
C:\Users\Luckshya\source\repos\httpreq-sqmod\build32\CMakeFiles\CheckIncludeFiles\HAVE_POLL_H.c(16): fatal error C1083: Cannot open include file: 'poll.h': No such file or directory [C:\Users\Luckshya\source\repos\httpreq-sqmod\build32\CMakeFiles\CMakeTmp\cmTC_38162.vcxproj]


Source:
/* */
#include <windows.h>
#include <winsock.h>
#include <ws2tcpip.h>
#include <winsock2.h>
#include <stdio.h>
#include <sys/stat.h>
#include <sys/types.h>
#include <sys/utime.h>
#include <assert.h>
#include <errno.h>
#include <fcntl.h>
#include <io.h>
#include <limits.h>
#include <locale.h>
#include <poll.h>


int main(void){return 0;}

Determining if files windows.h;winsock.h;ws2tcpip.h;winsock2.h;stdio.h;sys/stat.h;sys/types.h;sys/utime.h;assert.h;errno.h;fcntl.h;io.h;limits.h;locale.h;rsa.h exist failed with the following output:
Change Dir: C:/Users/Luckshya/source/repos/httpreq-sqmod/build32/CMakeFiles/CMakeTmp

Run Build Command(s):C:/Program Files (x86)/Microsoft Visual Studio/2017/Community/MSBuild/15.0/Bin/MSBuild.exe cmTC_12aed.vcxproj /p:Configuration=Debug /p:Platform=Win32 /p:VisualStudioVersion=15.0 /v:m && Microsoft (R) Build Engine version 15.9.21+g9802d43bc3 for .NET Framework
Copyright (C) Microsoft Corporation. All rights reserved.

  Microsoft (R) C/C++ Optimizing Compiler Version 19.16.27026.1 for x86
  Copyright (C) Microsoft Corporation.  All rights reserved.
  
  cl /c /Zi /W3 /WX- /diagnostics:classic /Od /Ob0 /Oy- /D WIN32 /D _WINDOWS /D _WINSOCKAPI_= /D SECURITY_WIN32 /D "CMAKE_INTDIR=\"Debug\"" /D _MBCS /Gm- /RTC1 /MDd /GS /fp:precise /Zc:wchar_t /Zc:forScope /Zc:inline /Fo"cmTC_12aed.dir\Debug\\" /Fd"cmTC_12aed.dir\Debug\vc141.pdb" /Gd /TC /analyze- /errorReport:queue "C:\Users\Luckshya\source\repos\httpreq-sqmod\build32\CMakeFiles\CheckIncludeFiles\HAVE_RSA_H.c"
  HAVE_RSA_H.c
  
C:\Users\Luckshya\source\repos\httpreq-sqmod\build32\CMakeFiles\CheckIncludeFiles\HAVE_RSA_H.c(16): fatal error C1083: Cannot open include file: 'rsa.h': No such file or directory [C:\Users\Luckshya\source\repos\httpreq-sqmod\build32\CMakeFiles\CMakeTmp\cmTC_12aed.vcxproj]


Source:
/* */
#include <windows.h>
#include <winsock.h>
#include <ws2tcpip.h>
#include <winsock2.h>
#include <stdio.h>
#include <sys/stat.h>
#include <sys/types.h>
#include <sys/utime.h>
#include <assert.h>
#include <errno.h>
#include <fcntl.h>
#include <io.h>
#include <limits.h>
#include <locale.h>
#include <rsa.h>


int main(void){return 0;}

Determining if files windows.h;winsock.h;ws2tcpip.h;winsock2.h;stdio.h;sys/stat.h;sys/types.h;sys/utime.h;assert.h;errno.h;fcntl.h;io.h;limits.h;locale.h;setjmp.h;signal.h;ssl.h exist failed with the following output:
Change Dir: C:/Users/Luckshya/source/repos/httpreq-sqmod/build32/CMakeFiles/CMakeTmp

Run Build Command(s):C:/Program Files (x86)/Microsoft Visual Studio/2017/Community/MSBuild/15.0/Bin/MSBuild.exe cmTC_d2c03.vcxproj /p:Configuration=Debug /p:Platform=Win32 /p:VisualStudioVersion=15.0 /v:m && Microsoft (R) Build Engine version 15.9.21+g9802d43bc3 for .NET Framework
Copyright (C) Microsoft Corporation. All rights reserved.

  Microsoft (R) C/C++ Optimizing Compiler Version 19.16.27026.1 for x86
  Copyright (C) Microsoft Corporation.  All rights reserved.
  
  cl /c /Zi /W3 /WX- /diagnostics:classic /Od /Ob0 /Oy- /D WIN32 /D _WINDOWS /D _WINSOCKAPI_= /D SECURITY_WIN32 /D "CMAKE_INTDIR=\"Debug\"" /D _MBCS /Gm- /RTC1 /MDd /GS /fp:precise /Zc:wchar_t /Zc:forScope /Zc:inline /Fo"cmTC_d2c03.dir\Debug\\" /Fd"cmTC_d2c03.dir\Debug\vc141.pdb" /Gd /TC /analyze- /errorReport:queue "C:\Users\Luckshya\source\repos\httpreq-sqmod\build32\CMakeFiles\CheckIncludeFiles\HAVE_SSL_H.c"
  HAVE_SSL_H.c
  
C:\Users\Luckshya\source\repos\httpreq-sqmod\build32\CMakeFiles\CheckIncludeFiles\HAVE_SSL_H.c(18): fatal error C1083: Cannot open include file: 'ssl.h': No such file or directory [C:\Users\Luckshya\source\repos\httpreq-sqmod\build32\CMakeFiles\CMakeTmp\cmTC_d2c03.vcxproj]


Source:
/* */
#include <windows.h>
#include <winsock.h>
#include <ws2tcpip.h>
#include <winsock2.h>
#include <stdio.h>
#include <sys/stat.h>
#include <sys/types.h>
#include <sys/utime.h>
#include <assert.h>
#include <errno.h>
#include <fcntl.h>
#include <io.h>
#include <limits.h>
#include <locale.h>
#include <setjmp.h>
#include <signal.h>
#include <ssl.h>


int main(void){return 0;}

Determining if files windows.h;winsock.h;ws2tcpip.h;winsock2.h;stdio.h;sys/stat.h;sys/types.h;sys/utime.h;assert.h;errno.h;fcntl.h;io.h;limits.h;locale.h;setjmp.h;signal.h;stdbool.h;stdio.h;stdlib.h;string.h;stropts.h exist failed with the following output:
Change Dir: C:/Users/Luckshya/source/repos/httpreq-sqmod/build32/CMakeFiles/CMakeTmp

Run Build Command(s):C:/Program Files (x86)/Microsoft Visual Studio/2017/Community/MSBuild/15.0/Bin/MSBuild.exe cmTC_380d2.vcxproj /p:Configuration=Debug /p:Platform=Win32 /p:VisualStudioVersion=15.0 /v:m && Microsoft (R) Build Engine version 15.9.21+g9802d43bc3 for .NET Framework
Copyright (C) Microsoft Corporation. All rights reserved.

  Microsoft (R) C/C++ Optimizing Compiler Version 19.16.27026.1 for x86
  Copyright (C) Microsoft Corporation.  All rights reserved.
  
  cl /c /Zi /W3 /WX- /diagnostics:classic /Od /Ob0 /Oy- /D WIN32 /D _WINDOWS /D _WINSOCKAPI_= /D SECURITY_WIN32 /D "CMAKE_INTDIR=\"Debug\"" /D _MBCS /Gm- /RTC1 /MDd /GS /fp:precise /Zc:wchar_t /Zc:forScope /Zc:inline /Fo"cmTC_380d2.dir\Debug\\" /Fd"cmTC_380d2.dir\Debug\vc141.pdb" /Gd /TC /analyze- /errorReport:queue "C:\Users\Luckshya\source\repos\httpreq-sqmod\build32\CMakeFiles\CheckIncludeFiles\HAVE_STROPTS_H.c"
  HAVE_STROPTS_H.c
  
C:\Users\Luckshya\source\repos\httpreq-sqmod\build32\CMakeFiles\CheckIncludeFiles\HAVE_STROPTS_H.c(22): fatal error C1083: Cannot open include file: 'stropts.h': No such file or directory [C:\Users\Luckshya\source\repos\httpreq-sqmod\build32\CMakeFiles\CMakeTmp\cmTC_380d2.vcxproj]


Source:
/* */
#include <windows.h>
#include <winsock.h>
#include <ws2tcpip.h>
#include <winsock2.h>
#include <stdio.h>
#include <sys/stat.h>
#include <sys/types.h>
#include <sys/utime.h>
#include <assert.h>
#include <errno.h>
#include <fcntl.h>
#include <io.h>
#include <limits.h>
#include <locale.h>
#include <setjmp.h>
#include <signal.h>
#include <stdbool.h>
#include <stdio.h>
#include <stdlib.h>
#include <string.h>
#include <stropts.h>


int main(void){return 0;}

Determining if files windows.h;winsock.h;ws2tcpip.h;winsock2.h;stdio.h;sys/stat.h;sys/types.h;sys/utime.h;assert.h;errno.h;fcntl.h;io.h;limits.h;locale.h;setjmp.h;signal.h;stdbool.h;stdio.h;stdlib.h;string.h;time.h;process.h;stddef.h;malloc.h;memory.h;sys/utsname.h exist failed with the following output:
Change Dir: C:/Users/Luckshya/source/repos/httpreq-sqmod/build32/CMakeFiles/CMakeTmp

Run Build Command(s):C:/Program Files (x86)/Microsoft Visual Studio/2017/Community/MSBuild/15.0/Bin/MSBuild.exe cmTC_1cd3b.vcxproj /p:Configuration=Debug /p:Platform=Win32 /p:VisualStudioVersion=15.0 /v:m && Microsoft (R) Build Engine version 15.9.21+g9802d43bc3 for .NET Framework
Copyright (C) Microsoft Corporation. All rights reserved.

  Microsoft (R) C/C++ Optimizing Compiler Version 19.16.27026.1 for x86
  Copyright (C) Microsoft Corporation.  All rights reserved.
  
  cl /c /Zi /W3 /WX- /diagnostics:classic /Od /Ob0 /Oy- /D WIN32 /D _WINDOWS /D _WINSOCKAPI_= /D SECURITY_WIN32 /D "CMAKE_INTDIR=\"Debug\"" /D _MBCS /Gm- /RTC1 /MDd /GS /fp:precise /Zc:wchar_t /Zc:forScope /Zc:inline /Fo"cmTC_1cd3b.dir\Debug\\" /Fd"cmTC_1cd3b.dir\Debug\vc141.pdb" /Gd /TC /analyze- /errorReport:queue "C:\Users\Luckshya\source\repos\httpreq-sqmod\build32\CMakeFiles\CheckIncludeFiles\HAVE_SYS_UTSNAME_H.c"
  HAVE_SYS_UTSNAME_H.c
  
C:\Users\Luckshya\source\repos\httpreq-sqmod\build32\CMakeFiles\CheckIncludeFiles\HAVE_SYS_UTSNAME_H.c(27): fatal error C1083: Cannot open include file: 'sys/utsname.h': No such file or directory [C:\Users\Luckshya\source\repos\httpreq-sqmod\build32\CMakeFiles\CMakeTmp\cmTC_1cd3b.vcxproj]


Source:
/* */
#include <windows.h>
#include <winsock.h>
#include <ws2tcpip.h>
#include <winsock2.h>
#include <stdio.h>
#include <sys/stat.h>
#include <sys/types.h>
#include <sys/utime.h>
#include <assert.h>
#include <errno.h>
#include <fcntl.h>
#include <io.h>
#include <limits.h>
#include <locale.h>
#include <setjmp.h>
#include <signal.h>
#include <stdbool.h>
#include <stdio.h>
#include <stdlib.h>
#include <string.h>
#include <time.h>
#include <process.h>
#include <stddef.h>
#include <malloc.h>
#include <memory.h>
#include <sys/utsname.h>


int main(void){return 0;}

Determining size of ssize_t failed with the following output:
Change Dir: C:/Users/Luckshya/source/repos/httpreq-sqmod/build32/CMakeFiles/CMakeTmp

Run Build Command(s):C:/Program Files (x86)/Microsoft Visual Studio/2017/Community/MSBuild/15.0/Bin/MSBuild.exe cmTC_c304c.vcxproj /p:Configuration=Debug /p:Platform=Win32 /p:VisualStudioVersion=15.0 /v:m && Microsoft (R) Build Engine version 15.9.21+g9802d43bc3 for .NET Framework
Copyright (C) Microsoft Corporation. All rights reserved.

  Microsoft (R) C/C++ Optimizing Compiler Version 19.16.27026.1 for x86
  Copyright (C) Microsoft Corporation.  All rights reserved.
  
  cl /c /Zi /W3 /WX- /diagnostics:classic /Od /Ob0 /Oy- /D WIN32 /D _WINDOWS /D _WINSOCKAPI_= /D SECURITY_WIN32 /D "CMAKE_INTDIR=\"Debug\"" /D _MBCS /Gm- /RTC1 /MDd /GS /fp:precise /Zc:wchar_t /Zc:forScope /Zc:inline /Fo"cmTC_c304c.dir\Debug\\" /Fd"cmTC_c304c.dir\Debug\vc141.pdb" /Gd /TC /analyze- /errorReport:queue "C:\Users\Luckshya\source\repos\httpreq-sqmod\build32\CMakeFiles\CheckTypeSize\SIZEOF_SSIZE_T.c"
  SIZEOF_SSIZE_T.c
  
C:\Users\Luckshya\source\repos\httpreq-sqmod\build32\CMakeFiles\CheckTypeSize\SIZEOF_SSIZE_T.c(24): error C2065: 'ssize_t': undeclared identifier [C:\Users\Luckshya\source\repos\httpreq-sqmod\build32\CMakeFiles\CMakeTmp\cmTC_c304c.vcxproj]
C:\Users\Luckshya\source\repos\httpreq-sqmod\build32\CMakeFiles\CheckTypeSize\SIZEOF_SSIZE_T.c(25): error C2065: 'ssize_t': undeclared identifier [C:\Users\Luckshya\source\repos\httpreq-sqmod\build32\CMakeFiles\CMakeTmp\cmTC_c304c.vcxproj]
C:\Users\Luckshya\source\repos\httpreq-sqmod\build32\CMakeFiles\CheckTypeSize\SIZEOF_SSIZE_T.c(26): error C2065: 'ssize_t': undeclared identifier [C:\Users\Luckshya\source\repos\httpreq-sqmod\build32\CMakeFiles\CMakeTmp\cmTC_c304c.vcxproj]
C:\Users\Luckshya\source\repos\httpreq-sqmod\build32\CMakeFiles\CheckTypeSize\SIZEOF_SSIZE_T.c(27): error C2065: 'ssize_t': undeclared identifier [C:\Users\Luckshya\source\repos\httpreq-sqmod\build32\CMakeFiles\CMakeTmp\cmTC_c304c.vcxproj]
C:\Users\Luckshya\source\repos\httpreq-sqmod\build32\CMakeFiles\CheckTypeSize\SIZEOF_SSIZE_T.c(28): error C2065: 'ssize_t': undeclared identifier [C:\Users\Luckshya\source\repos\httpreq-sqmod\build32\CMakeFiles\CMakeTmp\cmTC_c304c.vcxproj]


C:/Users/Luckshya/source/repos/httpreq-sqmod/build32/CMakeFiles/CheckTypeSize/SIZEOF_SSIZE_T.c:
#include <sys/types.h>
#include <stddef.h>


#undef KEY
#if defined(__i386)
# define KEY '_','_','i','3','8','6'
#elif defined(__x86_64)
# define KEY '_','_','x','8','6','_','6','4'
#elif defined(__ppc__)
# define KEY '_','_','p','p','c','_','_'
#elif defined(__ppc64__)
# define KEY '_','_','p','p','c','6','4','_','_'
#elif defined(__aarch64__)
# define KEY '_','_','a','a','r','c','h','6','4','_','_'
#elif defined(__ARM_ARCH_7A__)
# define KEY '_','_','A','R','M','_','A','R','C','H','_','7','A','_','_'
#elif defined(__ARM_ARCH_7S__)
# define KEY '_','_','A','R','M','_','A','R','C','H','_','7','S','_','_'
#endif

#define SIZE (sizeof(ssize_t))
static char info_size[] =  {'I', 'N', 'F', 'O', ':', 's','i','z','e','[',
  ('0' + ((SIZE / 10000)%10)),
  ('0' + ((SIZE / 1000)%10)),
  ('0' + ((SIZE / 100)%10)),
  ('0' + ((SIZE / 10)%10)),
  ('0' +  (SIZE    % 10)),
  ']',
#ifdef KEY
  ' ','k','e','y','[', KEY, ']',
#endif
  '\0'};

#ifdef __CLASSIC_C__
int main(argc, argv) int argc; char *argv[];
#else
int main(int argc, char *argv[])
#endif
{
  int require = 0;
  require += info_size[argc];
  (void)argv;
  return require;
}


Determining if the basename exist failed with the following output:
Change Dir: C:/Users/Luckshya/source/repos/httpreq-sqmod/build32/CMakeFiles/CMakeTmp

Run Build Command(s):C:/Program Files (x86)/Microsoft Visual Studio/2017/Community/MSBuild/15.0/Bin/MSBuild.exe cmTC_75b32.vcxproj /p:Configuration=Debug /p:Platform=Win32 /p:VisualStudioVersion=15.0 /v:m && Microsoft (R) Build Engine version 15.9.21+g9802d43bc3 for .NET Framework
Copyright (C) Microsoft Corporation. All rights reserved.

  Microsoft (R) C/C++ Optimizing Compiler Version 19.16.27026.1 for x86
  Copyright (C) Microsoft Corporation.  All rights reserved.
  
  cl /c /Zi /W3 /WX- /diagnostics:classic /Od /Ob0 /Oy- /D WIN32 /D _WINDOWS /D _WINSOCKAPI_= /D SECURITY_WIN32 /D "CMAKE_INTDIR=\"Debug\"" /D _MBCS /Gm- /RTC1 /MDd /GS /fp:precise /Zc:wchar_t /Zc:forScope /Zc:inline /Fo"cmTC_75b32.dir\Debug\\" /Fd"cmTC_75b32.dir\Debug\vc141.pdb" /Gd /TC /analyze- /errorReport:queue "C:\Users\Luckshya\source\repos\httpreq-sqmod\build32\CMakeFiles\CMakeTmp\CheckSymbolExists.c"
  CheckSymbolExists.c
  
C:\Users\Luckshya\source\repos\httpreq-sqmod\build32\CMakeFiles\CMakeTmp\CheckSymbolExists.c(32): error C2065: 'basename': undeclared identifier [C:\Users\Luckshya\source\repos\httpreq-sqmod\build32\CMakeFiles\CMakeTmp\cmTC_75b32.vcxproj]


File C:/Users/Luckshya/source/repos/httpreq-sqmod/build32/CMakeFiles/CMakeTmp/CheckSymbolExists.c:
/* */
#include <windows.h>
#include <winsock.h>
#include <ws2tcpip.h>
#include <winsock2.h>
#include <stdio.h>
#include <sys/stat.h>
#include <sys/types.h>
#include <sys/utime.h>
#include <assert.h>
#include <errno.h>
#include <fcntl.h>
#include <io.h>
#include <limits.h>
#include <locale.h>
#include <setjmp.h>
#include <signal.h>
#include <stdbool.h>
#include <stdio.h>
#include <stdlib.h>
#include <string.h>
#include <time.h>
#include <process.h>
#include <stddef.h>
#include <malloc.h>
#include <memory.h>

int main(int argc, char** argv)
{
  (void)argv;
#ifndef basename
  return ((int*)(&basename))[argc];
#else
  (void)argc;
  return 0;
#endif
}
Determining if the strncmpi exist failed with the following output:
Change Dir: C:/Users/Luckshya/source/repos/httpreq-sqmod/build32/CMakeFiles/CMakeTmp

Run Build Command(s):C:/Program Files (x86)/Microsoft Visual Studio/2017/Community/MSBuild/15.0/Bin/MSBuild.exe cmTC_1f9f9.vcxproj /p:Configuration=Debug /p:Platform=Win32 /p:VisualStudioVersion=15.0 /v:m && Microsoft (R) Build Engine version 15.9.21+g9802d43bc3 for .NET Framework
Copyright (C) Microsoft Corporation. All rights reserved.

  Microsoft (R) C/C++ Optimizing Compiler Version 19.16.27026.1 for x86
  Copyright (C) Microsoft Corporation.  All rights reserved.
  
  cl /c /Zi /W3 /WX- /diagnostics:classic /Od /Ob0 /Oy- /D WIN32 /D _WINDOWS /D _WINSOCKAPI_= /D SECURITY_WIN32 /D "CMAKE_INTDIR=\"Debug\"" /D _MBCS /Gm- /RTC1 /MDd /GS /fp:precise /Zc:wchar_t /Zc:forScope /Zc:inline /Fo"cmTC_1f9f9.dir\Debug\\" /Fd"cmTC_1f9f9.dir\Debug\vc141.pdb" /Gd /TC /analyze- /errorReport:queue "C:\Users\Luckshya\source\repos\httpreq-sqmod\build32\CMakeFiles\CMakeTmp\CheckSymbolExists.c"
  CheckSymbolExists.c
  
C:\Users\Luckshya\source\repos\httpreq-sqmod\build32\CMakeFiles\CMakeTmp\CheckSymbolExists.c(32): error C2065: 'strncmpi': undeclared identifier [C:\Users\Luckshya\source\repos\httpreq-sqmod\build32\CMakeFiles\CMakeTmp\cmTC_1f9f9.vcxproj]


File C:/Users/Luckshya/source/repos/httpreq-sqmod/build32/CMakeFiles/CMakeTmp/CheckSymbolExists.c:
/* */
#include <windows.h>
#include <winsock.h>
#include <ws2tcpip.h>
#include <winsock2.h>
#include <stdio.h>
#include <sys/stat.h>
#include <sys/types.h>
#include <sys/utime.h>
#include <assert.h>
#include <errno.h>
#include <fcntl.h>
#include <io.h>
#include <limits.h>
#include <locale.h>
#include <setjmp.h>
#include <signal.h>
#include <stdbool.h>
#include <stdio.h>
#include <stdlib.h>
#include <string.h>
#include <time.h>
#include <process.h>
#include <stddef.h>
#include <malloc.h>
#include <memory.h>

int main(int argc, char** argv)
{
  (void)argv;
#ifndef strncmpi
  return ((int*)(&strncmpi))[argc];
#else
  (void)argc;
  return 0;
#endif
}
Determining if the alarm exist failed with the following output:
Change Dir: C:/Users/Luckshya/source/repos/httpreq-sqmod/build32/CMakeFiles/CMakeTmp

Run Build Command(s):C:/Program Files (x86)/Microsoft Visual Studio/2017/Community/MSBuild/15.0/Bin/MSBuild.exe cmTC_7b585.vcxproj /p:Configuration=Debug /p:Platform=Win32 /p:VisualStudioVersion=15.0 /v:m && Microsoft (R) Build Engine version 15.9.21+g9802d43bc3 for .NET Framework
Copyright (C) Microsoft Corporation. All rights reserved.

  Microsoft (R) C/C++ Optimizing Compiler Version 19.16.27026.1 for x86
  Copyright (C) Microsoft Corporation.  All rights reserved.
  
  cl /c /Zi /W3 /WX- /diagnostics:classic /Od /Ob0 /Oy- /D WIN32 /D _WINDOWS /D _WINSOCKAPI_= /D SECURITY_WIN32 /D "CMAKE_INTDIR=\"Debug\"" /D _MBCS /Gm- /RTC1 /MDd /GS /fp:precise /Zc:wchar_t /Zc:forScope /Zc:inline /Fo"cmTC_7b585.dir\Debug\\" /Fd"cmTC_7b585.dir\Debug\vc141.pdb" /Gd /TC /analyze- /errorReport:queue "C:\Users\Luckshya\source\repos\httpreq-sqmod\build32\CMakeFiles\CMakeTmp\CheckSymbolExists.c"
  CheckSymbolExists.c
  
C:\Users\Luckshya\source\repos\httpreq-sqmod\build32\CMakeFiles\CMakeTmp\CheckSymbolExists.c(32): error C2065: 'alarm': undeclared identifier [C:\Users\Luckshya\source\repos\httpreq-sqmod\build32\CMakeFiles\CMakeTmp\cmTC_7b585.vcxproj]


File C:/Users/Luckshya/source/repos/httpreq-sqmod/build32/CMakeFiles/CMakeTmp/CheckSymbolExists.c:
/* */
#include <windows.h>
#include <winsock.h>
#include <ws2tcpip.h>
#include <winsock2.h>
#include <stdio.h>
#include <sys/stat.h>
#include <sys/types.h>
#include <sys/utime.h>
#include <assert.h>
#include <errno.h>
#include <fcntl.h>
#include <io.h>
#include <limits.h>
#include <locale.h>
#include <setjmp.h>
#include <signal.h>
#include <stdbool.h>
#include <stdio.h>
#include <stdlib.h>
#include <string.h>
#include <time.h>
#include <process.h>
#include <stddef.h>
#include <malloc.h>
#include <memory.h>

int main(int argc, char** argv)
{
  (void)argv;
#ifndef alarm
  return ((int*)(&alarm))[argc];
#else
  (void)argc;
  return 0;
#endif
}
Determining if the strerror_r exist failed with the following output:
Change Dir: C:/Users/Luckshya/source/repos/httpreq-sqmod/build32/CMakeFiles/CMakeTmp

Run Build Command(s):C:/Program Files (x86)/Microsoft Visual Studio/2017/Community/MSBuild/15.0/Bin/MSBuild.exe cmTC_6a45a.vcxproj /p:Configuration=Debug /p:Platform=Win32 /p:VisualStudioVersion=15.0 /v:m && Microsoft (R) Build Engine version 15.9.21+g9802d43bc3 for .NET Framework
Copyright (C) Microsoft Corporation. All rights reserved.

  Microsoft (R) C/C++ Optimizing Compiler Version 19.16.27026.1 for x86
  Copyright (C) Microsoft Corporation.  All rights reserved.
  
  cl /c /Zi /W3 /WX- /diagnostics:classic /Od /Ob0 /Oy- /D WIN32 /D _WINDOWS /D _WINSOCKAPI_= /D SECURITY_WIN32 /D "CMAKE_INTDIR=\"Debug\"" /D _MBCS /Gm- /RTC1 /MDd /GS /fp:precise /Zc:wchar_t /Zc:forScope /Zc:inline /Fo"cmTC_6a45a.dir\Debug\\" /Fd"cmTC_6a45a.dir\Debug\vc141.pdb" /Gd /TC /analyze- /errorReport:queue "C:\Users\Luckshya\source\repos\httpreq-sqmod\build32\CMakeFiles\CMakeTmp\CheckSymbolExists.c"
  CheckSymbolExists.c
  
C:\Users\Luckshya\source\repos\httpreq-sqmod\build32\CMakeFiles\CMakeTmp\CheckSymbolExists.c(32): error C2065: 'strerror_r': undeclared identifier [C:\Users\Luckshya\source\repos\httpreq-sqmod\build32\CMakeFiles\CMakeTmp\cmTC_6a45a.vcxproj]


File C:/Users/Luckshya/source/repos/httpreq-sqmod/build32/CMakeFiles/CMakeTmp/CheckSymbolExists.c:
/* */
#include <windows.h>
#include <winsock.h>
#include <ws2tcpip.h>
#include <winsock2.h>
#include <stdio.h>
#include <sys/stat.h>
#include <sys/types.h>
#include <sys/utime.h>
#include <assert.h>
#include <errno.h>
#include <fcntl.h>
#include <io.h>
#include <limits.h>
#include <locale.h>
#include <setjmp.h>
#include <signal.h>
#include <stdbool.h>
#include <stdio.h>
#include <stdlib.h>
#include <string.h>
#include <time.h>
#include <process.h>
#include <stddef.h>
#include <malloc.h>
#include <memory.h>

int main(int argc, char** argv)
{
  (void)argv;
#ifndef strerror_r
  return ((int*)(&strerror_r))[argc];
#else
  (void)argc;
  return 0;
#endif
}
Determining if the siginterrupt exist failed with the following output:
Change Dir: C:/Users/Luckshya/source/repos/httpreq-sqmod/build32/CMakeFiles/CMakeTmp

Run Build Command(s):C:/Program Files (x86)/Microsoft Visual Studio/2017/Community/MSBuild/15.0/Bin/MSBuild.exe cmTC_14772.vcxproj /p:Configuration=Debug /p:Platform=Win32 /p:VisualStudioVersion=15.0 /v:m && Microsoft (R) Build Engine version 15.9.21+g9802d43bc3 for .NET Framework
Copyright (C) Microsoft Corporation. All rights reserved.

  Microsoft (R) C/C++ Optimizing Compiler Version 19.16.27026.1 for x86
  Copyright (C) Microsoft Corporation.  All rights reserved.
  
  cl /c /Zi /W3 /WX- /diagnostics:classic /Od /Ob0 /Oy- /D WIN32 /D _WINDOWS /D _WINSOCKAPI_= /D SECURITY_WIN32 /D "CMAKE_INTDIR=\"Debug\"" /D _MBCS /Gm- /RTC1 /MDd /GS /fp:precise /Zc:wchar_t /Zc:forScope /Zc:inline /Fo"cmTC_14772.dir\Debug\\" /Fd"cmTC_14772.dir\Debug\vc141.pdb" /Gd /TC /analyze- /errorReport:queue "C:\Users\Luckshya\source\repos\httpreq-sqmod\build32\CMakeFiles\CMakeTmp\CheckSymbolExists.c"
  CheckSymbolExists.c
  
C:\Users\Luckshya\source\repos\httpreq-sqmod\build32\CMakeFiles\CMakeTmp\CheckSymbolExists.c(32): error C2065: 'siginterrupt': undeclared identifier [C:\Users\Luckshya\source\repos\httpreq-sqmod\build32\CMakeFiles\CMakeTmp\cmTC_14772.vcxproj]


File C:/Users/Luckshya/source/repos/httpreq-sqmod/build32/CMakeFiles/CMakeTmp/CheckSymbolExists.c:
/* */
#include <windows.h>
#include <winsock.h>
#include <ws2tcpip.h>
#include <winsock2.h>
#include <stdio.h>
#include <sys/stat.h>
#include <sys/types.h>
#include <sys/utime.h>
#include <assert.h>
#include <errno.h>
#include <fcntl.h>
#include <io.h>
#include <limits.h>
#include <locale.h>
#include <setjmp.h>
#include <signal.h>
#include <stdbool.h>
#include <stdio.h>
#include <stdlib.h>
#include <string.h>
#include <time.h>
#include <process.h>
#include <stddef.h>
#include <malloc.h>
#include <memory.h>

int main(int argc, char** argv)
{
  (void)argv;
#ifndef siginterrupt
  return ((int*)(&siginterrupt))[argc];
#else
  (void)argc;
  return 0;
#endif
}
Determining if the fork exist failed with the following output:
Change Dir: C:/Users/Luckshya/source/repos/httpreq-sqmod/build32/CMakeFiles/CMakeTmp

Run Build Command(s):C:/Program Files (x86)/Microsoft Visual Studio/2017/Community/MSBuild/15.0/Bin/MSBuild.exe cmTC_0dac9.vcxproj /p:Configuration=Debug /p:Platform=Win32 /p:VisualStudioVersion=15.0 /v:m && Microsoft (R) Build Engine version 15.9.21+g9802d43bc3 for .NET Framework
Copyright (C) Microsoft Corporation. All rights reserved.

  Microsoft (R) C/C++ Optimizing Compiler Version 19.16.27026.1 for x86
  Copyright (C) Microsoft Corporation.  All rights reserved.
  
  cl /c /Zi /W3 /WX- /diagnostics:classic /Od /Ob0 /Oy- /D WIN32 /D _WINDOWS /D _WINSOCKAPI_= /D SECURITY_WIN32 /D "CMAKE_INTDIR=\"Debug\"" /D _MBCS /Gm- /RTC1 /MDd /GS /fp:precise /Zc:wchar_t /Zc:forScope /Zc:inline /Fo"cmTC_0dac9.dir\Debug\\" /Fd"cmTC_0dac9.dir\Debug\vc141.pdb" /Gd /TC /analyze- /errorReport:queue "C:\Users\Luckshya\source\repos\httpreq-sqmod\build32\CMakeFiles\CMakeTmp\CheckSymbolExists.c"
  CheckSymbolExists.c
  
C:\Users\Luckshya\source\repos\httpreq-sqmod\build32\CMakeFiles\CMakeTmp\CheckSymbolExists.c(32): error C2065: 'fork': undeclared identifier [C:\Users\Luckshya\source\repos\httpreq-sqmod\build32\CMakeFiles\CMakeTmp\cmTC_0dac9.vcxproj]


File C:/Users/Luckshya/source/repos/httpreq-sqmod/build32/CMakeFiles/CMakeTmp/CheckSymbolExists.c:
/* */
#include <windows.h>
#include <winsock.h>
#include <ws2tcpip.h>
#include <winsock2.h>
#include <stdio.h>
#include <sys/stat.h>
#include <sys/types.h>
#include <sys/utime.h>
#include <assert.h>
#include <errno.h>
#include <fcntl.h>
#include <io.h>
#include <limits.h>
#include <locale.h>
#include <setjmp.h>
#include <signal.h>
#include <stdbool.h>
#include <stdio.h>
#include <stdlib.h>
#include <string.h>
#include <time.h>
#include <process.h>
#include <stddef.h>
#include <malloc.h>
#include <memory.h>

int main(int argc, char** argv)
{
  (void)argv;
#ifndef fork
  return ((int*)(&fork))[argc];
#else
  (void)argc;
  return 0;
#endif
}
Determining if the freeifaddrs exist failed with the following output:
Change Dir: C:/Users/Luckshya/source/repos/httpreq-sqmod/build32/CMakeFiles/CMakeTmp

Run Build Command(s):C:/Program Files (x86)/Microsoft Visual Studio/2017/Community/MSBuild/15.0/Bin/MSBuild.exe cmTC_3836f.vcxproj /p:Configuration=Debug /p:Platform=Win32 /p:VisualStudioVersion=15.0 /v:m && Microsoft (R) Build Engine version 15.9.21+g9802d43bc3 for .NET Framework
Copyright (C) Microsoft Corporation. All rights reserved.

  Microsoft (R) C/C++ Optimizing Compiler Version 19.16.27026.1 for x86
  Copyright (C) Microsoft Corporation.  All rights reserved.
  
  cl /c /Zi /W3 /WX- /diagnostics:classic /Od /Ob0 /Oy- /D WIN32 /D _WINDOWS /D _WINSOCKAPI_= /D SECURITY_WIN32 /D "CMAKE_INTDIR=\"Debug\"" /D _MBCS /Gm- /RTC1 /MDd /GS /fp:precise /Zc:wchar_t /Zc:forScope /Zc:inline /Fo"cmTC_3836f.dir\Debug\\" /Fd"cmTC_3836f.dir\Debug\vc141.pdb" /Gd /TC /analyze- /errorReport:queue "C:\Users\Luckshya\source\repos\httpreq-sqmod\build32\CMakeFiles\CMakeTmp\CheckSymbolExists.c"
  CheckSymbolExists.c
  
C:\Users\Luckshya\source\repos\httpreq-sqmod\build32\CMakeFiles\CMakeTmp\CheckSymbolExists.c(32): error C2065: 'freeifaddrs': undeclared identifier [C:\Users\Luckshya\source\repos\httpreq-sqmod\build32\CMakeFiles\CMakeTmp\cmTC_3836f.vcxproj]


File C:/Users/Luckshya/source/repos/httpreq-sqmod/build32/CMakeFiles/CMakeTmp/CheckSymbolExists.c:
/* */
#include <windows.h>
#include <winsock.h>
#include <ws2tcpip.h>
#include <winsock2.h>
#include <stdio.h>
#include <sys/stat.h>
#include <sys/types.h>
#include <sys/utime.h>
#include <assert.h>
#include <errno.h>
#include <fcntl.h>
#include <io.h>
#include <limits.h>
#include <locale.h>
#include <setjmp.h>
#include <signal.h>
#include <stdbool.h>
#include <stdio.h>
#include <stdlib.h>
#include <string.h>
#include <time.h>
#include <process.h>
#include <stddef.h>
#include <malloc.h>
#include <memory.h>

int main(int argc, char** argv)
{
  (void)argv;
#ifndef freeifaddrs
  return ((int*)(&freeifaddrs))[argc];
#else
  (void)argc;
  return 0;
#endif
}
Determining if the pipe exist failed with the following output:
Change Dir: C:/Users/Luckshya/source/repos/httpreq-sqmod/build32/CMakeFiles/CMakeTmp

Run Build Command(s):C:/Program Files (x86)/Microsoft Visual Studio/2017/Community/MSBuild/15.0/Bin/MSBuild.exe cmTC_74c52.vcxproj /p:Configuration=Debug /p:Platform=Win32 /p:VisualStudioVersion=15.0 /v:m && Microsoft (R) Build Engine version 15.9.21+g9802d43bc3 for .NET Framework
Copyright (C) Microsoft Corporation. All rights reserved.

  Microsoft (R) C/C++ Optimizing Compiler Version 19.16.27026.1 for x86
  Copyright (C) Microsoft Corporation.  All rights reserved.
  
  cl /c /Zi /W3 /WX- /diagnostics:classic /Od /Ob0 /Oy- /D WIN32 /D _WINDOWS /D _WINSOCKAPI_= /D SECURITY_WIN32 /D "CMAKE_INTDIR=\"Debug\"" /D _MBCS /Gm- /RTC1 /MDd /GS /fp:precise /Zc:wchar_t /Zc:forScope /Zc:inline /Fo"cmTC_74c52.dir\Debug\\" /Fd"cmTC_74c52.dir\Debug\vc141.pdb" /Gd /TC /analyze- /errorReport:queue "C:\Users\Luckshya\source\repos\httpreq-sqmod\build32\CMakeFiles\CMakeTmp\CheckSymbolExists.c"
  CheckSymbolExists.c
  
C:\Users\Luckshya\source\repos\httpreq-sqmod\build32\CMakeFiles\CMakeTmp\CheckSymbolExists.c(32): error C2065: 'pipe': undeclared identifier [C:\Users\Luckshya\source\repos\httpreq-sqmod\build32\CMakeFiles\CMakeTmp\cmTC_74c52.vcxproj]


File C:/Users/Luckshya/source/repos/httpreq-sqmod/build32/CMakeFiles/CMakeTmp/CheckSymbolExists.c:
/* */
#include <windows.h>
#include <winsock.h>
#include <ws2tcpip.h>
#include <winsock2.h>
#include <stdio.h>
#include <sys/stat.h>
#include <sys/types.h>
#include <sys/utime.h>
#include <assert.h>
#include <errno.h>
#include <fcntl.h>
#include <io.h>
#include <limits.h>
#include <locale.h>
#include <setjmp.h>
#include <signal.h>
#include <stdbool.h>
#include <stdio.h>
#include <stdlib.h>
#include <string.h>
#include <time.h>
#include <process.h>
#include <stddef.h>
#include <malloc.h>
#include <memory.h>

int main(int argc, char** argv)
{
  (void)argv;
#ifndef pipe
  return ((int*)(&pipe))[argc];
#else
  (void)argc;
  return 0;
#endif
}
Determining if the ftruncate exist failed with the following output:
Change Dir: C:/Users/Luckshya/source/repos/httpreq-sqmod/build32/CMakeFiles/CMakeTmp

Run Build Command(s):C:/Program Files (x86)/Microsoft Visual Studio/2017/Community/MSBuild/15.0/Bin/MSBuild.exe cmTC_2de28.vcxproj /p:Configuration=Debug /p:Platform=Win32 /p:VisualStudioVersion=15.0 /v:m && Microsoft (R) Build Engine version 15.9.21+g9802d43bc3 for .NET Framework
Copyright (C) Microsoft Corporation. All rights reserved.

  Microsoft (R) C/C++ Optimizing Compiler Version 19.16.27026.1 for x86
  Copyright (C) Microsoft Corporation.  All rights reserved.
  
  cl /c /Zi /W3 /WX- /diagnostics:classic /Od /Ob0 /Oy- /D WIN32 /D _WINDOWS /D _WINSOCKAPI_= /D SECURITY_WIN32 /D "CMAKE_INTDIR=\"Debug\"" /D _MBCS /Gm- /RTC1 /MDd /GS /fp:precise /Zc:wchar_t /Zc:forScope /Zc:inline /Fo"cmTC_2de28.dir\Debug\\" /Fd"cmTC_2de28.dir\Debug\vc141.pdb" /Gd /TC /analyze- /errorReport:queue "C:\Users\Luckshya\source\repos\httpreq-sqmod\build32\CMakeFiles\CMakeTmp\CheckSymbolExists.c"
  CheckSymbolExists.c
  
C:\Users\Luckshya\source\repos\httpreq-sqmod\build32\CMakeFiles\CMakeTmp\CheckSymbolExists.c(32): error C2065: 'ftruncate': undeclared identifier [C:\Users\Luckshya\source\repos\httpreq-sqmod\build32\CMakeFiles\CMakeTmp\cmTC_2de28.vcxproj]


File C:/Users/Luckshya/source/repos/httpreq-sqmod/build32/CMakeFiles/CMakeTmp/CheckSymbolExists.c:
/* */
#include <windows.h>
#include <winsock.h>
#include <ws2tcpip.h>
#include <winsock2.h>
#include <stdio.h>
#include <sys/stat.h>
#include <sys/types.h>
#include <sys/utime.h>
#include <assert.h>
#include <errno.h>
#include <fcntl.h>
#include <io.h>
#include <limits.h>
#include <locale.h>
#include <setjmp.h>
#include <signal.h>
#include <stdbool.h>
#include <stdio.h>
#include <stdlib.h>
#include <string.h>
#include <time.h>
#include <process.h>
#include <stddef.h>
#include <malloc.h>
#include <memory.h>

int main(int argc, char** argv)
{
  (void)argv;
#ifndef ftruncate
  return ((int*)(&ftruncate))[argc];
#else
  (void)argc;
  return 0;
#endif
}
Determining if the getrlimit exist failed with the following output:
Change Dir: C:/Users/Luckshya/source/repos/httpreq-sqmod/build32/CMakeFiles/CMakeTmp

Run Build Command(s):C:/Program Files (x86)/Microsoft Visual Studio/2017/Community/MSBuild/15.0/Bin/MSBuild.exe cmTC_199a2.vcxproj /p:Configuration=Debug /p:Platform=Win32 /p:VisualStudioVersion=15.0 /v:m && Microsoft (R) Build Engine version 15.9.21+g9802d43bc3 for .NET Framework
Copyright (C) Microsoft Corporation. All rights reserved.

  Microsoft (R) C/C++ Optimizing Compiler Version 19.16.27026.1 for x86
  Copyright (C) Microsoft Corporation.  All rights reserved.
  
  cl /c /Zi /W3 /WX- /diagnostics:classic /Od /Ob0 /Oy- /D WIN32 /D _WINDOWS /D _WINSOCKAPI_= /D SECURITY_WIN32 /D "CMAKE_INTDIR=\"Debug\"" /D _MBCS /Gm- /RTC1 /MDd /GS /fp:precise /Zc:wchar_t /Zc:forScope /Zc:inline /Fo"cmTC_199a2.dir\Debug\\" /Fd"cmTC_199a2.dir\Debug\vc141.pdb" /Gd /TC /analyze- /errorReport:queue "C:\Users\Luckshya\source\repos\httpreq-sqmod\build32\CMakeFiles\CMakeTmp\CheckSymbolExists.c"
  CheckSymbolExists.c
  
C:\Users\Luckshya\source\repos\httpreq-sqmod\build32\CMakeFiles\CMakeTmp\CheckSymbolExists.c(32): error C2065: 'getrlimit': undeclared identifier [C:\Users\Luckshya\source\repos\httpreq-sqmod\build32\CMakeFiles\CMakeTmp\cmTC_199a2.vcxproj]


File C:/Users/Luckshya/source/repos/httpreq-sqmod/build32/CMakeFiles/CMakeTmp/CheckSymbolExists.c:
/* */
#include <windows.h>
#include <winsock.h>
#include <ws2tcpip.h>
#include <winsock2.h>
#include <stdio.h>
#include <sys/stat.h>
#include <sys/types.h>
#include <sys/utime.h>
#include <assert.h>
#include <errno.h>
#include <fcntl.h>
#include <io.h>
#include <limits.h>
#include <locale.h>
#include <setjmp.h>
#include <signal.h>
#include <stdbool.h>
#include <stdio.h>
#include <stdlib.h>
#include <string.h>
#include <time.h>
#include <process.h>
#include <stddef.h>
#include <malloc.h>
#include <memory.h>

int main(int argc, char** argv)
{
  (void)argv;
#ifndef getrlimit
  return ((int*)(&getrlimit))[argc];
#else
  (void)argc;
  return 0;
#endif
}
Determining if the setrlimit exist failed with the following output:
Change Dir: C:/Users/Luckshya/source/repos/httpreq-sqmod/build32/CMakeFiles/CMakeTmp

Run Build Command(s):C:/Program Files (x86)/Microsoft Visual Studio/2017/Community/MSBuild/15.0/Bin/MSBuild.exe cmTC_b97b3.vcxproj /p:Configuration=Debug /p:Platform=Win32 /p:VisualStudioVersion=15.0 /v:m && Microsoft (R) Build Engine version 15.9.21+g9802d43bc3 for .NET Framework
Copyright (C) Microsoft Corporation. All rights reserved.

  Microsoft (R) C/C++ Optimizing Compiler Version 19.16.27026.1 for x86
  Copyright (C) Microsoft Corporation.  All rights reserved.
  
  cl /c /Zi /W3 /WX- /diagnostics:classic /Od /Ob0 /Oy- /D WIN32 /D _WINDOWS /D _WINSOCKAPI_= /D SECURITY_WIN32 /D "CMAKE_INTDIR=\"Debug\"" /D _MBCS /Gm- /RTC1 /MDd /GS /fp:precise /Zc:wchar_t /Zc:forScope /Zc:inline /Fo"cmTC_b97b3.dir\Debug\\" /Fd"cmTC_b97b3.dir\Debug\vc141.pdb" /Gd /TC /analyze- /errorReport:queue "C:\Users\Luckshya\source\repos\httpreq-sqmod\build32\CMakeFiles\CMakeTmp\CheckSymbolExists.c"
  CheckSymbolExists.c
  
C:\Users\Luckshya\source\repos\httpreq-sqmod\build32\CMakeFiles\CMakeTmp\CheckSymbolExists.c(32): error C2065: 'setrlimit': undeclared identifier [C:\Users\Luckshya\source\repos\httpreq-sqmod\build32\CMakeFiles\CMakeTmp\cmTC_b97b3.vcxproj]


File C:/Users/Luckshya/source/repos/httpreq-sqmod/build32/CMakeFiles/CMakeTmp/CheckSymbolExists.c:
/* */
#include <windows.h>
#include <winsock.h>
#include <ws2tcpip.h>
#include <winsock2.h>
#include <stdio.h>
#include <sys/stat.h>
#include <sys/types.h>
#include <sys/utime.h>
#include <assert.h>
#include <errno.h>
#include <fcntl.h>
#include <io.h>
#include <limits.h>
#include <locale.h>
#include <setjmp.h>
#include <signal.h>
#include <stdbool.h>
#include <stdio.h>
#include <stdlib.h>
#include <string.h>
#include <time.h>
#include <process.h>
#include <stddef.h>
#include <malloc.h>
#include <memory.h>

int main(int argc, char** argv)
{
  (void)argv;
#ifndef setrlimit
  return ((int*)(&setrlimit))[argc];
#else
  (void)argc;
  return 0;
#endif
}
Determining if the fcntl exist failed with the following output:
Change Dir: C:/Users/Luckshya/source/repos/httpreq-sqmod/build32/CMakeFiles/CMakeTmp

Run Build Command(s):C:/Program Files (x86)/Microsoft Visual Studio/2017/Community/MSBuild/15.0/Bin/MSBuild.exe cmTC_b383c.vcxproj /p:Configuration=Debug /p:Platform=Win32 /p:VisualStudioVersion=15.0 /v:m && Microsoft (R) Build Engine version 15.9.21+g9802d43bc3 for .NET Framework
Copyright (C) Microsoft Corporation. All rights reserved.

  Microsoft (R) C/C++ Optimizing Compiler Version 19.16.27026.1 for x86
  Copyright (C) Microsoft Corporation.  All rights reserved.
  
  cl /c /Zi /W3 /WX- /diagnostics:classic /Od /Ob0 /Oy- /D WIN32 /D _WINDOWS /D _WINSOCKAPI_= /D SECURITY_WIN32 /D "CMAKE_INTDIR=\"Debug\"" /D _MBCS /Gm- /RTC1 /MDd /GS /fp:precise /Zc:wchar_t /Zc:forScope /Zc:inline /Fo"cmTC_b383c.dir\Debug\\" /Fd"cmTC_b383c.dir\Debug\vc141.pdb" /Gd /TC /analyze- /errorReport:queue "C:\Users\Luckshya\source\repos\httpreq-sqmod\build32\CMakeFiles\CMakeTmp\CheckSymbolExists.c"
  CheckSymbolExists.c
  
C:\Users\Luckshya\source\repos\httpreq-sqmod\build32\CMakeFiles\CMakeTmp\CheckSymbolExists.c(32): error C2065: 'fcntl': undeclared identifier [C:\Users\Luckshya\source\repos\httpreq-sqmod\build32\CMakeFiles\CMakeTmp\cmTC_b383c.vcxproj]


File C:/Users/Luckshya/source/repos/httpreq-sqmod/build32/CMakeFiles/CMakeTmp/CheckSymbolExists.c:
/* */
#include <windows.h>
#include <winsock.h>
#include <ws2tcpip.h>
#include <winsock2.h>
#include <stdio.h>
#include <sys/stat.h>
#include <sys/types.h>
#include <sys/utime.h>
#include <assert.h>
#include <errno.h>
#include <fcntl.h>
#include <io.h>
#include <limits.h>
#include <locale.h>
#include <setjmp.h>
#include <signal.h>
#include <stdbool.h>
#include <stdio.h>
#include <stdlib.h>
#include <string.h>
#include <time.h>
#include <process.h>
#include <stddef.h>
#include <malloc.h>
#include <memory.h>

int main(int argc, char** argv)
{
  (void)argv;
#ifndef fcntl
  return ((int*)(&fcntl))[argc];
#else
  (void)argc;
  return 0;
#endif
}
Determining if the ioctl exist failed with the following output:
Change Dir: C:/Users/Luckshya/source/repos/httpreq-sqmod/build32/CMakeFiles/CMakeTmp

Run Build Command(s):C:/Program Files (x86)/Microsoft Visual Studio/2017/Community/MSBuild/15.0/Bin/MSBuild.exe cmTC_dde93.vcxproj /p:Configuration=Debug /p:Platform=Win32 /p:VisualStudioVersion=15.0 /v:m && Microsoft (R) Build Engine version 15.9.21+g9802d43bc3 for .NET Framework
Copyright (C) Microsoft Corporation. All rights reserved.

  Microsoft (R) C/C++ Optimizing Compiler Version 19.16.27026.1 for x86
  Copyright (C) Microsoft Corporation.  All rights reserved.
  
  cl /c /Zi /W3 /WX- /diagnostics:classic /Od /Ob0 /Oy- /D WIN32 /D _WINDOWS /D _WINSOCKAPI_= /D SECURITY_WIN32 /D "CMAKE_INTDIR=\"Debug\"" /D _MBCS /Gm- /RTC1 /MDd /GS /fp:precise /Zc:wchar_t /Zc:forScope /Zc:inline /Fo"cmTC_dde93.dir\Debug\\" /Fd"cmTC_dde93.dir\Debug\vc141.pdb" /Gd /TC /analyze- /errorReport:queue "C:\Users\Luckshya\source\repos\httpreq-sqmod\build32\CMakeFiles\CMakeTmp\CheckSymbolExists.c"
  CheckSymbolExists.c
  
C:\Users\Luckshya\source\repos\httpreq-sqmod\build32\CMakeFiles\CMakeTmp\CheckSymbolExists.c(32): error C2065: 'ioctl': undeclared identifier [C:\Users\Luckshya\source\repos\httpreq-sqmod\build32\CMakeFiles\CMakeTmp\cmTC_dde93.vcxproj]


File C:/Users/Luckshya/source/repos/httpreq-sqmod/build32/CMakeFiles/CMakeTmp/CheckSymbolExists.c:
/* */
#include <windows.h>
#include <winsock.h>
#include <ws2tcpip.h>
#include <winsock2.h>
#include <stdio.h>
#include <sys/stat.h>
#include <sys/types.h>
#include <sys/utime.h>
#include <assert.h>
#include <errno.h>
#include <fcntl.h>
#include <io.h>
#include <limits.h>
#include <locale.h>
#include <setjmp.h>
#include <signal.h>
#include <stdbool.h>
#include <stdio.h>
#include <stdlib.h>
#include <string.h>
#include <time.h>
#include <process.h>
#include <stddef.h>
#include <malloc.h>
#include <memory.h>

int main(int argc, char** argv)
{
  (void)argv;
#ifndef ioctl
  return ((int*)(&ioctl))[argc];
#else
  (void)argc;
  return 0;
#endif
}
Determining if the function inet_pton exists failed with the following output:
Change Dir: C:/Users/Luckshya/source/repos/httpreq-sqmod/build32/CMakeFiles/CMakeTmp

Run Build Command(s):C:/Program Files (x86)/Microsoft Visual Studio/2017/Community/MSBuild/15.0/Bin/MSBuild.exe cmTC_ee7ef.vcxproj /p:Configuration=Debug /p:Platform=Win32 /p:VisualStudioVersion=15.0 /v:m && Microsoft (R) Build Engine version 15.9.21+g9802d43bc3 for .NET Framework
Copyright (C) Microsoft Corporation. All rights reserved.

  Microsoft (R) C/C++ Optimizing Compiler Version 19.16.27026.1 for x86
  Copyright (C) Microsoft Corporation.  All rights reserved.
  
  cl /c /Zi /W3 /WX- /diagnostics:classic /Od /Ob0 /Oy- /D WIN32 /D _WINDOWS /D CHECK_FUNCTION_EXISTS=inet_pton /D _WINSOCKAPI_= /D SECURITY_WIN32 /D "CMAKE_INTDIR=\"Debug\"" /D _MBCS /Gm- /RTC1 /MDd /GS /fp:precise /Zc:wchar_t /Zc:forScope /Zc:inline /Fo"cmTC_ee7ef.dir\Debug\\" /Fd"cmTC_ee7ef.dir\Debug\vc141.pdb" /Gd /TC /analyze- /errorReport:queue "C:\Program Files\CMake\share\cmake-3.16\Modules\CheckFunctionExists.c"
  CheckFunctionExists.c
  
CheckFunctionExists.obj : error LNK2019: unresolved external symbol _inet_pton referenced in function _main [C:\Users\Luckshya\source\repos\httpreq-sqmod\build32\CMakeFiles\CMakeTmp\cmTC_ee7ef.vcxproj]
C:\Users\Luckshya\source\repos\httpreq-sqmod\build32\CMakeFiles\CMakeTmp\Debug\cmTC_ee7ef.exe : fatal error LNK1120: 1 unresolved externals [C:\Users\Luckshya\source\repos\httpreq-sqmod\build32\CMakeFiles\CMakeTmp\cmTC_ee7ef.vcxproj]



Determining if the fsetxattr exist failed with the following output:
Change Dir: C:/Users/Luckshya/source/repos/httpreq-sqmod/build32/CMakeFiles/CMakeTmp

Run Build Command(s):C:/Program Files (x86)/Microsoft Visual Studio/2017/Community/MSBuild/15.0/Bin/MSBuild.exe cmTC_f4b13.vcxproj /p:Configuration=Debug /p:Platform=Win32 /p:VisualStudioVersion=15.0 /v:m && Microsoft (R) Build Engine version 15.9.21+g9802d43bc3 for .NET Framework
Copyright (C) Microsoft Corporation. All rights reserved.

  Microsoft (R) C/C++ Optimizing Compiler Version 19.16.27026.1 for x86
  Copyright (C) Microsoft Corporation.  All rights reserved.
  
  cl /c /Zi /W3 /WX- /diagnostics:classic /Od /Ob0 /Oy- /D WIN32 /D _WINDOWS /D _WINSOCKAPI_= /D SECURITY_WIN32 /D "CMAKE_INTDIR=\"Debug\"" /D _MBCS /Gm- /RTC1 /MDd /GS /fp:precise /Zc:wchar_t /Zc:forScope /Zc:inline /Fo"cmTC_f4b13.dir\Debug\\" /Fd"cmTC_f4b13.dir\Debug\vc141.pdb" /Gd /TC /analyze- /errorReport:queue "C:\Users\Luckshya\source\repos\httpreq-sqmod\build32\CMakeFiles\CMakeTmp\CheckSymbolExists.c"
  CheckSymbolExists.c
  
C:\Users\Luckshya\source\repos\httpreq-sqmod\build32\CMakeFiles\CMakeTmp\CheckSymbolExists.c(32): error C2065: 'fsetxattr': undeclared identifier [C:\Users\Luckshya\source\repos\httpreq-sqmod\build32\CMakeFiles\CMakeTmp\cmTC_f4b13.vcxproj]


File C:/Users/Luckshya/source/repos/httpreq-sqmod/build32/CMakeFiles/CMakeTmp/CheckSymbolExists.c:
/* */
#include <windows.h>
#include <winsock.h>
#include <ws2tcpip.h>
#include <winsock2.h>
#include <stdio.h>
#include <sys/stat.h>
#include <sys/types.h>
#include <sys/utime.h>
#include <assert.h>
#include <errno.h>
#include <fcntl.h>
#include <io.h>
#include <limits.h>
#include <locale.h>
#include <setjmp.h>
#include <signal.h>
#include <stdbool.h>
#include <stdio.h>
#include <stdlib.h>
#include <string.h>
#include <time.h>
#include <process.h>
#include <stddef.h>
#include <malloc.h>
#include <memory.h>

int main(int argc, char** argv)
{
  (void)argv;
#ifndef fsetxattr
  return ((int*)(&fsetxattr))[argc];
#else
  (void)argc;
  return 0;
#endif
}
Performing Curl Test HAVE_FCNTL_O_NONBLOCK failed with the following output:
Change Dir: C:/Users/Luckshya/source/repos/httpreq-sqmod/build32/CMakeFiles/CMakeTmp

Run Build Command(s):C:/Program Files (x86)/Microsoft Visual Studio/2017/Community/MSBuild/15.0/Bin/MSBuild.exe cmTC_e475d.vcxproj /p:Configuration=Debug /p:Platform=Win32 /p:VisualStudioVersion=15.0 /v:m && Microsoft (R) Build Engine version 15.9.21+g9802d43bc3 for .NET Framework
Copyright (C) Microsoft Corporation. All rights reserved.

  Microsoft (R) C/C++ Optimizing Compiler Version 19.16.27026.1 for x86
  Copyright (C) Microsoft Corporation.  All rights reserved.
  
  cl /c /Zi /W3 /WX- /diagnostics:classic /Od /Ob0 /Oy- /D WIN32 /D _WINDOWS /D HAVE_FCNTL_O_NONBLOCK /D HAVE_WINDOWS_H /D HAVE_WINSOCK_H /D HAVE_WS2TCPIP_H /D HAVE_WINSOCK2_H /D HAVE_STDIO_H /D HAVE_SYS_STAT_H /D HAVE_SYS_TYPES_H /D HAVE_SYS_UTIME_H /D HAVE_ASSERT_H /D HAVE_ERRNO_H /D HAVE_FCNTL_H /D HAVE_IO_H /D HAVE_LIMITS_H /D HAVE_LOCALE_H /D HAVE_SETJMP_H /D HAVE_SIGNAL_H /D HAVE_STDBOOL_H /D HAVE_STDLIB_H /D HAVE_STRING_H /D HAVE_TIME_H /D HAVE_PROCESS_H /D HAVE_STDDEF_H /D HAVE_MALLOC_H /D HAVE_MEMORY_H /D "CMAKE_INTDIR=\"Debug\"" /D _MBCS /Gm- /RTC1 /MDd /GS /fp:precise /Zc:wchar_t /Zc:forScope /Zc:inline /Fo"cmTC_e475d.dir\Debug\\" /Fd"cmTC_e475d.dir\Debug\vc141.pdb" /Gd /TC /analyze- /errorReport:queue "C:\Users\Luckshya\source\repos\httpreq-sqmod\cpr\opt\curl\CMake\CurlTests.c"
  
  CurlTests.c
C:\Users\Luckshya\source\repos\httpreq-sqmod\cpr\opt\curl\CMake\CurlTests.c(44): fatal error C1083: Cannot open include file: 'unistd.h': No such file or directory [C:\Users\Luckshya\source\repos\httpreq-sqmod\build32\CMakeFiles\CMakeTmp\cmTC_e475d.vcxproj]


Performing Curl Test HAVE_IOCTLSOCKET_CAMEL failed with the following output:
Change Dir: C:/Users/Luckshya/source/repos/httpreq-sqmod/build32/CMakeFiles/CMakeTmp

Run Build Command(s):C:/Program Files (x86)/Microsoft Visual Studio/2017/Community/MSBuild/15.0/Bin/MSBuild.exe cmTC_3c643.vcxproj /p:Configuration=Debug /p:Platform=Win32 /p:VisualStudioVersion=15.0 /v:m && Microsoft (R) Build Engine version 15.9.21+g9802d43bc3 for .NET Framework
Copyright (C) Microsoft Corporation. All rights reserved.

  Microsoft (R) C/C++ Optimizing Compiler Version 19.16.27026.1 for x86
  Copyright (C) Microsoft Corporation.  All rights reserved.
  
  cl /c /Zi /W3 /WX- /diagnostics:classic /Od /Ob0 /Oy- /D WIN32 /D _WINDOWS /D HAVE_IOCTLSOCKET_CAMEL /D HAVE_WINDOWS_H /D HAVE_WINSOCK_H /D HAVE_WS2TCPIP_H /D HAVE_WINSOCK2_H /D HAVE_STDIO_H /D HAVE_SYS_STAT_H /D HAVE_SYS_TYPES_H /D HAVE_SYS_UTIME_H /D HAVE_ASSERT_H /D HAVE_ERRNO_H /D HAVE_FCNTL_H /D HAVE_IO_H /D HAVE_LIMITS_H /D HAVE_LOCALE_H /D HAVE_SETJMP_H /D HAVE_SIGNAL_H /D HAVE_STDBOOL_H /D HAVE_STDLIB_H /D HAVE_STRING_H /D HAVE_TIME_H /D HAVE_PROCESS_H /D HAVE_STDDEF_H /D HAVE_MALLOC_H /D HAVE_MEMORY_H /D "CMAKE_INTDIR=\"Debug\"" /D _MBCS /Gm- /RTC1 /MDd /GS /fp:precise /Zc:wchar_t /Zc:forScope /Zc:inline /Fo"cmTC_3c643.dir\Debug\\" /Fd"cmTC_3c643.dir\Debug\vc141.pdb" /Gd /TC /analyze- /errorReport:queue "C:\Users\Luckshya\source\repos\httpreq-sqmod\cpr\opt\curl\CMake\CurlTests.c"
  
  CurlTests.c
C:\Users\Luckshya\source\repos\httpreq-sqmod\cpr\opt\curl\CMake\CurlTests.c(350): warning C4013: 'IoctlSocket' undefined; assuming extern returning int [C:\Users\Luckshya\source\repos\httpreq-sqmod\build32\CMakeFiles\CMakeTmp\cmTC_3c643.vcxproj]
CurlTests.obj : error LNK2019: unresolved external symbol _IoctlSocket referenced in function _main [C:\Users\Luckshya\source\repos\httpreq-sqmod\build32\CMakeFiles\CMakeTmp\cmTC_3c643.vcxproj]
C:\Users\Luckshya\source\repos\httpreq-sqmod\build32\CMakeFiles\CMakeTmp\Debug\cmTC_3c643.exe : fatal error LNK1120: 1 unresolved externals [C:\Users\Luckshya\source\repos\httpreq-sqmod\build32\CMakeFiles\CMakeTmp\cmTC_3c643.vcxproj]


Performing Curl Test HAVE_IOCTL_FIONBIO failed with the following output:
Change Dir: C:/Users/Luckshya/source/repos/httpreq-sqmod/build32/CMakeFiles/CMakeTmp

Run Build Command(s):C:/Program Files (x86)/Microsoft Visual Studio/2017/Community/MSBuild/15.0/Bin/MSBuild.exe cmTC_d6399.vcxproj /p:Configuration=Debug /p:Platform=Win32 /p:VisualStudioVersion=15.0 /v:m && Microsoft (R) Build Engine version 15.9.21+g9802d43bc3 for .NET Framework
Copyright (C) Microsoft Corporation. All rights reserved.

  Microsoft (R) C/C++ Optimizing Compiler Version 19.16.27026.1 for x86
  Copyright (C) Microsoft Corporation.  All rights reserved.
  
  cl /c /Zi /W3 /WX- /diagnostics:classic /Od /Ob0 /Oy- /D WIN32 /D _WINDOWS /D HAVE_IOCTL_FIONBIO /D HAVE_WINDOWS_H /D HAVE_WINSOCK_H /D HAVE_WS2TCPIP_H /D HAVE_WINSOCK2_H /D HAVE_STDIO_H /D HAVE_SYS_STAT_H /D HAVE_SYS_TYPES_H /D HAVE_SYS_UTIME_H /D HAVE_ASSERT_H /D HAVE_ERRNO_H /D HAVE_FCNTL_H /D HAVE_IO_H /D HAVE_LIMITS_H /D HAVE_LOCALE_H /D HAVE_SETJMP_H /D HAVE_SIGNAL_H /D HAVE_STDBOOL_H /D HAVE_STDLIB_H /D HAVE_STRING_H /D HAVE_TIME_H /D HAVE_PROCESS_H /D HAVE_STDDEF_H /D HAVE_MALLOC_H /D HAVE_MEMORY_H /D "CMAKE_INTDIR=\"Debug\"" /D _MBCS /Gm- /RTC1 /MDd /GS /fp:precise /Zc:wchar_t /Zc:forScope /Zc:inline /Fo"cmTC_d6399.dir\Debug\\" /Fd"cmTC_d6399.dir\Debug\vc141.pdb" /Gd /TC /analyze- /errorReport:queue "C:\Users\Luckshya\source\repos\httpreq-sqmod\cpr\opt\curl\CMake\CurlTests.c"
  
  CurlTests.c
C:\Users\Luckshya\source\repos\httpreq-sqmod\cpr\opt\curl\CMake\CurlTests.c(436): warning C4013: 'ioctl' undefined; assuming extern returning int [C:\Users\Luckshya\source\repos\httpreq-sqmod\build32\CMakeFiles\CMakeTmp\cmTC_d6399.vcxproj]
C:\Users\Luckshya\source\repos\httpreq-sqmod\cpr\opt\curl\CMake\CurlTests.c(436): error C2065: 'FIONBIO': undeclared identifier [C:\Users\Luckshya\source\repos\httpreq-sqmod\build32\CMakeFiles\CMakeTmp\cmTC_d6399.vcxproj]


Performing Curl Test HAVE_IOCTL_SIOCGIFADDR failed with the following output:
Change Dir: C:/Users/Luckshya/source/repos/httpreq-sqmod/build32/CMakeFiles/CMakeTmp

Run Build Command(s):C:/Program Files (x86)/Microsoft Visual Studio/2017/Community/MSBuild/15.0/Bin/MSBuild.exe cmTC_be278.vcxproj /p:Configuration=Debug /p:Platform=Win32 /p:VisualStudioVersion=15.0 /v:m && Microsoft (R) Build Engine version 15.9.21+g9802d43bc3 for .NET Framework
Copyright (C) Microsoft Corporation. All rights reserved.

  Microsoft (R) C/C++ Optimizing Compiler Version 19.16.27026.1 for x86
  Copyright (C) Microsoft Corporation.  All rights reserved.
  
  cl /c /Zi /W3 /WX- /diagnostics:classic /Od /Ob0 /Oy- /D WIN32 /D _WINDOWS /D HAVE_IOCTL_SIOCGIFADDR /D HAVE_WINDOWS_H /D HAVE_WINSOCK_H /D HAVE_WS2TCPIP_H /D HAVE_WINSOCK2_H /D HAVE_STDIO_H /D HAVE_SYS_STAT_H /D HAVE_SYS_TYPES_H /D HAVE_SYS_UTIME_H /D HAVE_ASSERT_H /D HAVE_ERRNO_H /D HAVE_FCNTL_H /D HAVE_IO_H /D HAVE_LIMITS_H /D HAVE_LOCALE_H /D HAVE_SETJMP_H /D HAVE_SIGNAL_H /D HAVE_STDBOOL_H /D HAVE_STDLIB_H /D HAVE_STRING_H /D HAVE_TIME_H /D HAVE_PROCESS_H /D HAVE_STDDEF_H /D HAVE_MALLOC_H /D HAVE_MEMORY_H /D "CMAKE_INTDIR=\"Debug\"" /D _MBCS /Gm- /RTC1 /MDd /GS /fp:precise /Zc:wchar_t /Zc:forScope /Zc:inline /Fo"cmTC_be278.dir\Debug\\" /Fd"cmTC_be278.dir\Debug\vc141.pdb" /Gd /TC /analyze- /errorReport:queue "C:\Users\Luckshya\source\repos\httpreq-sqmod\cpr\opt\curl\CMake\CurlTests.c"
  
  CurlTests.c
C:\Users\Luckshya\source\repos\httpreq-sqmod\cpr\opt\curl\CMake\CurlTests.c(461): fatal error C1083: Cannot open include file: 'net/if.h': No such file or directory [C:\Users\Luckshya\source\repos\httpreq-sqmod\build32\CMakeFiles\CMakeTmp\cmTC_be278.vcxproj]


Performing Curl Test HAVE_SETSOCKOPT_SO_NONBLOCK failed with the following output:
Change Dir: C:/Users/Luckshya/source/repos/httpreq-sqmod/build32/CMakeFiles/CMakeTmp

Run Build Command(s):C:/Program Files (x86)/Microsoft Visual Studio/2017/Community/MSBuild/15.0/Bin/MSBuild.exe cmTC_5caa6.vcxproj /p:Configuration=Debug /p:Platform=Win32 /p:VisualStudioVersion=15.0 /v:m && Microsoft (R) Build Engine version 15.9.21+g9802d43bc3 for .NET Framework
Copyright (C) Microsoft Corporation. All rights reserved.

  Microsoft (R) C/C++ Optimizing Compiler Version 19.16.27026.1 for x86
  Copyright (C) Microsoft Corporation.  All rights reserved.
  
  cl /c /Zi /W3 /WX- /diagnostics:classic /Od /Ob0 /Oy- /D WIN32 /D _WINDOWS /D HAVE_SETSOCKOPT_SO_NONBLOCK /D HAVE_WINDOWS_H /D HAVE_WINSOCK_H /D HAVE_WS2TCPIP_H /D HAVE_WINSOCK2_H /D HAVE_STDIO_H /D HAVE_SYS_STAT_H /D HAVE_SYS_TYPES_H /D HAVE_SYS_UTIME_H /D HAVE_ASSERT_H /D HAVE_ERRNO_H /D HAVE_FCNTL_H /D HAVE_IO_H /D HAVE_LIMITS_H /D HAVE_LOCALE_H /D HAVE_SETJMP_H /D HAVE_SIGNAL_H /D HAVE_STDBOOL_H /D HAVE_STDLIB_H /D HAVE_STRING_H /D HAVE_TIME_H /D HAVE_PROCESS_H /D HAVE_STDDEF_H /D HAVE_MALLOC_H /D HAVE_MEMORY_H /D "CMAKE_INTDIR=\"Debug\"" /D _MBCS /Gm- /RTC1 /MDd /GS /fp:precise /Zc:wchar_t /Zc:forScope /Zc:inline /Fo"cmTC_5caa6.dir\Debug\\" /Fd"cmTC_5caa6.dir\Debug\vc141.pdb" /Gd /TC /analyze- /errorReport:queue "C:\Users\Luckshya\source\repos\httpreq-sqmod\cpr\opt\curl\CMake\CurlTests.c"
  
  CurlTests.c
C:\Users\Luckshya\source\repos\httpreq-sqmod\cpr\opt\curl\CMake\CurlTests.c(501): error C2065: 'SO_NONBLOCK': undeclared identifier [C:\Users\Luckshya\source\repos\httpreq-sqmod\build32\CMakeFiles\CMakeTmp\cmTC_5caa6.vcxproj]


Performing Curl Test HAVE_SOCKADDR_IN6_SIN6_SCOPE_ID failed with the following output:
Change Dir: C:/Users/Luckshya/source/repos/httpreq-sqmod/build32/CMakeFiles/CMakeTmp

Run Build Command(s):C:/Program Files (x86)/Microsoft Visual Studio/2017/Community/MSBuild/15.0/Bin/MSBuild.exe cmTC_96e6a.vcxproj /p:Configuration=Debug /p:Platform=Win32 /p:VisualStudioVersion=15.0 /v:m && Microsoft (R) Build Engine version 15.9.21+g9802d43bc3 for .NET Framework
Copyright (C) Microsoft Corporation. All rights reserved.

  Microsoft (R) C/C++ Optimizing Compiler Version 19.16.27026.1 for x86
  Copyright (C) Microsoft Corporation.  All rights reserved.
  
  cl /c /Zi /W3 /WX- /diagnostics:classic /Od /Ob0 /Oy- /D WIN32 /D _WINDOWS /D HAVE_SOCKADDR_IN6_SIN6_SCOPE_ID /D HAVE_WINDOWS_H /D HAVE_WINSOCK_H /D HAVE_WS2TCPIP_H /D HAVE_WINSOCK2_H /D HAVE_STDIO_H /D HAVE_SYS_STAT_H /D HAVE_SYS_TYPES_H /D HAVE_SYS_UTIME_H /D HAVE_ASSERT_H /D HAVE_ERRNO_H /D HAVE_FCNTL_H /D HAVE_IO_H /D HAVE_LIMITS_H /D HAVE_LOCALE_H /D HAVE_SETJMP_H /D HAVE_SIGNAL_H /D HAVE_STDBOOL_H /D HAVE_STDLIB_H /D HAVE_STRING_H /D HAVE_TIME_H /D HAVE_PROCESS_H /D HAVE_STDDEF_H /D HAVE_MALLOC_H /D HAVE_MEMORY_H /D "CMAKE_INTDIR=\"Debug\"" /D _MBCS /Gm- /RTC1 /MDd /GS /fp:precise /Zc:wchar_t /Zc:forScope /Zc:inline /Fo"cmTC_96e6a.dir\Debug\\" /Fd"cmTC_96e6a.dir\Debug\vc141.pdb" /Gd /TC /analyze- /errorReport:queue "C:\Users\Luckshya\source\repos\httpreq-sqmod\cpr\opt\curl\CMake\CurlTests.c"
  
  CurlTests.c
MSVCRTD.lib(exe_main.obj) : error LNK2019: unresolved external symbol _main referenced in function "int __cdecl invoke_main(void)" (?invoke_main@@YAHXZ) [C:\Users\Luckshya\source\repos\httpreq-sqmod\build32\CMakeFiles\CMakeTmp\cmTC_96e6a.vcxproj]
C:\Users\Luckshya\source\repos\httpreq-sqmod\build32\CMakeFiles\CMakeTmp\Debug\cmTC_96e6a.exe : fatal error LNK1120: 1 unresolved externals [C:\Users\Luckshya\source\repos\httpreq-sqmod\build32\CMakeFiles\CMakeTmp\cmTC_96e6a.vcxproj]


Performing Curl Test HAVE_FILE_OFFSET_BITS failed with the following output:
Change Dir: C:/Users/Luckshya/source/repos/httpreq-sqmod/build32/CMakeFiles/CMakeTmp

Run Build Command(s):C:/Program Files (x86)/Microsoft Visual Studio/2017/Community/MSBuild/15.0/Bin/MSBuild.exe cmTC_8224e.vcxproj /p:Configuration=Debug /p:Platform=Win32 /p:VisualStudioVersion=15.0 /v:m && Microsoft (R) Build Engine version 15.9.21+g9802d43bc3 for .NET Framework
Copyright (C) Microsoft Corporation. All rights reserved.

  Microsoft (R) C/C++ Optimizing Compiler Version 19.16.27026.1 for x86
  Copyright (C) Microsoft Corporation.  All rights reserved.
  
  cl /c /Zi /W3 /WX- /diagnostics:classic /Od /Ob0 /Oy- /D WIN32 /D _WINDOWS /D HAVE_FILE_OFFSET_BITS /D HAVE_WINDOWS_H /D HAVE_WINSOCK_H /D HAVE_WS2TCPIP_H /D HAVE_WINSOCK2_H /D HAVE_STDIO_H /D HAVE_SYS_STAT_H /D HAVE_SYS_TYPES_H /D HAVE_SYS_UTIME_H /D HAVE_ASSERT_H /D HAVE_ERRNO_H /D HAVE_FCNTL_H /D HAVE_IO_H /D HAVE_LIMITS_H /D HAVE_LOCALE_H /D HAVE_SETJMP_H /D HAVE_SIGNAL_H /D HAVE_STDBOOL_H /D HAVE_STDLIB_H /D HAVE_STRING_H /D HAVE_TIME_H /D HAVE_PROCESS_H /D HAVE_STDDEF_H /D HAVE_MALLOC_H /D HAVE_MEMORY_H /D "CMAKE_INTDIR=\"Debug\"" /D _MBCS /Gm- /RTC1 /MDd /GS /fp:precise /Zc:wchar_t /Zc:forScope /Zc:inline /Fo"cmTC_8224e.dir\Debug\\" /Fd"cmTC_8224e.dir\Debug\vc141.pdb" /Gd /TC /analyze- /errorReport:queue "C:\Users\Luckshya\source\repos\httpreq-sqmod\cpr\opt\curl\CMake\CurlTests.c"
  
  CurlTests.c
C:\Users\Luckshya\source\repos\httpreq-sqmod\cpr\opt\curl\CMake\CurlTests.c(295): warning C4293: '<<': shift count negative or too big, undefined behavior [C:\Users\Luckshya\source\repos\httpreq-sqmod\build32\CMakeFiles\CMakeTmp\cmTC_8224e.vcxproj]
C:\Users\Luckshya\source\repos\httpreq-sqmod\cpr\opt\curl\CMake\CurlTests.c(296): warning C4293: '<<': shift count negative or too big, undefined behavior [C:\Users\Luckshya\source\repos\httpreq-sqmod\build32\CMakeFiles\CMakeTmp\cmTC_8224e.vcxproj]
C:\Users\Luckshya\source\repos\httpreq-sqmod\cpr\opt\curl\CMake\CurlTests.c(297): error C2118: negative subscript [C:\Users\Luckshya\source\repos\httpreq-sqmod\build32\CMakeFiles\CMakeTmp\cmTC_8224e.vcxproj]


Performing Curl Test HAVE_GLIBC_STRERROR_R failed with the following output:
Change Dir: C:/Users/Luckshya/source/repos/httpreq-sqmod/build32/CMakeFiles/CMakeTmp

Run Build Command(s):C:/Program Files (x86)/Microsoft Visual Studio/2017/Community/MSBuild/15.0/Bin/MSBuild.exe cmTC_acbc2.vcxproj /p:Configuration=Debug /p:Platform=Win32 /p:VisualStudioVersion=15.0 /v:m && Microsoft (R) Build Engine version 15.9.21+g9802d43bc3 for .NET Framework
Copyright (C) Microsoft Corporation. All rights reserved.

  Microsoft (R) C/C++ Optimizing Compiler Version 19.16.27026.1 for x86
  Copyright (C) Microsoft Corporation.  All rights reserved.
  
  cl /c /Zi /W3 /WX- /diagnostics:classic /Od /Ob0 /Oy- /D WIN32 /D _WINDOWS /D HAVE_GLIBC_STRERROR_R /D "CMAKE_INTDIR=\"Debug\"" /D _MBCS /Gm- /RTC1 /MDd /GS /fp:precise /Zc:wchar_t /Zc:forScope /Zc:inline /Fo"cmTC_acbc2.dir\Debug\\" /Fd"cmTC_acbc2.dir\Debug\vc141.pdb" /Gd /TC /analyze- /errorReport:queue "C:\Users\Luckshya\source\repos\httpreq-sqmod\cpr\opt\curl\CMake\CurlTests.c"
  CurlTests.c
  
C:\Users\Luckshya\source\repos\httpreq-sqmod\cpr\opt\curl\CMake\CurlTests.c(514): warning C4013: 'strerror_r' undefined; assuming extern returning int [C:\Users\Luckshya\source\repos\httpreq-sqmod\build32\CMakeFiles\CMakeTmp\cmTC_acbc2.vcxproj]
C:\Users\Luckshya\source\repos\httpreq-sqmod\cpr\opt\curl\CMake\CurlTests.c(513): warning C4047: 'initializing': 'char *' differs in levels of indirection from 'int' [C:\Users\Luckshya\source\repos\httpreq-sqmod\build32\CMakeFiles\CMakeTmp\cmTC_acbc2.vcxproj]
CurlTests.obj : error LNK2019: unresolved external symbol _strerror_r referenced in function _main [C:\Users\Luckshya\source\repos\httpreq-sqmod\build32\CMakeFiles\CMakeTmp\cmTC_acbc2.vcxproj]
C:\Users\Luckshya\source\repos\httpreq-sqmod\build32\CMakeFiles\CMakeTmp\Debug\cmTC_acbc2.exe : fatal error LNK1120: 1 unresolved externals [C:\Users\Luckshya\source\repos\httpreq-sqmod\build32\CMakeFiles\CMakeTmp\cmTC_acbc2.vcxproj]



Performing Curl Test HAVE_POSIX_STRERROR_R failed with the following output:
Change Dir: C:/Users/Luckshya/source/repos/httpreq-sqmod/build32/CMakeFiles/CMakeTmp

Run Build Command(s):C:/Program Files (x86)/Microsoft Visual Studio/2017/Community/MSBuild/15.0/Bin/MSBuild.exe cmTC_c0055.vcxproj /p:Configuration=Debug /p:Platform=Win32 /p:VisualStudioVersion=15.0 /v:m && Microsoft (R) Build Engine version 15.9.21+g9802d43bc3 for .NET Framework
Copyright (C) Microsoft Corporation. All rights reserved.

  Microsoft (R) C/C++ Optimizing Compiler Version 19.16.27026.1 for x86
  Copyright (C) Microsoft Corporation.  All rights reserved.
  
  cl /c /Zi /W3 /WX- /diagnostics:classic /Od /Ob0 /Oy- /D WIN32 /D _WINDOWS /D HAVE_POSIX_STRERROR_R /D "CMAKE_INTDIR=\"Debug\"" /D _MBCS /Gm- /RTC1 /MDd /GS /fp:precise /Zc:wchar_t /Zc:forScope /Zc:inline /Fo"cmTC_c0055.dir\Debug\\" /Fd"cmTC_c0055.dir\Debug\vc141.pdb" /Gd /TC /analyze- /errorReport:queue "C:\Users\Luckshya\source\repos\httpreq-sqmod\cpr\opt\curl\CMake\CurlTests.c"
  CurlTests.c
  
C:\Users\Luckshya\source\repos\httpreq-sqmod\cpr\opt\curl\CMake\CurlTests.c(528): warning C4013: 'strerror_r' undefined; assuming extern returning int [C:\Users\Luckshya\source\repos\httpreq-sqmod\build32\CMakeFiles\CMakeTmp\cmTC_c0055.vcxproj]
CurlTests.obj : error LNK2019: unresolved external symbol _strerror_r referenced in function _main [C:\Users\Luckshya\source\repos\httpreq-sqmod\build32\CMakeFiles\CMakeTmp\cmTC_c0055.vcxproj]
C:\Users\Luckshya\source\repos\httpreq-sqmod\build32\CMakeFiles\CMakeTmp\Debug\cmTC_c0055.exe : fatal error LNK1120: 1 unresolved externals [C:\Users\Luckshya\source\repos\httpreq-sqmod\build32\CMakeFiles\CMakeTmp\cmTC_c0055.vcxproj]



Performing C SOURCE FILE Test HAVE_MSG_NOSIGNAL failed with the following output:
Change Dir: C:/Users/Luckshya/source/repos/httpreq-sqmod/build32/CMakeFiles/CMakeTmp

Run Build Command(s):C:/Program Files (x86)/Microsoft Visual Studio/2017/Community/MSBuild/15.0/Bin/MSBuild.exe cmTC_f2d52.vcxproj /p:Configuration=Debug /p:Platform=Win32 /p:VisualStudioVersion=15.0 /v:m && Microsoft (R) Build Engine version 15.9.21+g9802d43bc3 for .NET Framework
Copyright (C) Microsoft Corporation. All rights reserved.

  Microsoft (R) C/C++ Optimizing Compiler Version 19.16.27026.1 for x86
  Copyright (C) Microsoft Corporation.  All rights reserved.
  
  cl /c /I"C:\Users\Luckshya\source\repos\httpreq-sqmod\cpr\opt\curl\include" /Zi /W3 /WX- /diagnostics:classic /Od /Ob0 /Oy- /D WIN32 /D _WINDOWS /D HAVE_MSG_NOSIGNAL /D _WINSOCKAPI_= /D SECURITY_WIN32 /D "CMAKE_INTDIR=\"Debug\"" /D _MBCS /Gm- /RTC1 /MDd /GS /fp:precise /Zc:wchar_t /Zc:forScope /Zc:inline /Fo"cmTC_f2d52.dir\Debug\\" /Fd"cmTC_f2d52.dir\Debug\vc141.pdb" /Gd /TC /analyze- /errorReport:queue "C:\Users\Luckshya\source\repos\httpreq-sqmod\build32\CMakeFiles\CMakeTmp\src.c"
  src.c
  
C:\Users\Luckshya\source\repos\httpreq-sqmod\build32\CMakeFiles\CMakeTmp\src.c(9): error C2065: 'MSG_NOSIGNAL': undeclared identifier [C:\Users\Luckshya\source\repos\httpreq-sqmod\build32\CMakeFiles\CMakeTmp\cmTC_f2d52.vcxproj]


Source file was:
#undef inline
#include <winsock2.h>
#include <windows.h>
#include <winsock.h>
#ifndef WIN32_LEAN_AND_MEAN
#define WIN32_LEAN_AND_MEAN
#endif
  int main(void) {
    int flag = MSG_NOSIGNAL;
    (void)flag;
    return 0;
  }
Performing C SOURCE FILE Test HAVE_POLL_FINE failed with the following compile output:
Change Dir: C:/Users/Luckshya/source/repos/httpreq-sqmod/build32/CMakeFiles/CMakeTmp

Run Build Command(s):C:/Program Files (x86)/Microsoft Visual Studio/2017/Community/MSBuild/15.0/Bin/MSBuild.exe cmTC_65c34.vcxproj /p:Configuration=Debug /p:Platform=Win32 /p:VisualStudioVersion=15.0 /v:m && Microsoft (R) Build Engine version 15.9.21+g9802d43bc3 for .NET Framework
Copyright (C) Microsoft Corporation. All rights reserved.

  Microsoft (R) C/C++ Optimizing Compiler Version 19.16.27026.1 for x86
  Copyright (C) Microsoft Corporation.  All rights reserved.
  
  cl /c /I"C:\Users\Luckshya\source\repos\httpreq-sqmod\cpr\opt\curl\include" /Zi /W3 /WX- /diagnostics:classic /Od /Ob0 /Oy- /D WIN32 /D _WINDOWS /D HAVE_POLL_FINE /D _WINSOCKAPI_= /D SECURITY_WIN32 /D "CMAKE_INTDIR=\"Debug\"" /D _MBCS /Gm- /RTC1 /MDd /GS /fp:precise /Zc:wchar_t /Zc:forScope /Zc:inline /Fo"cmTC_65c34.dir\Debug\\" /Fd"cmTC_65c34.dir\Debug\vc141.pdb" /Gd /TC /analyze- /errorReport:queue "C:\Users\Luckshya\source\repos\httpreq-sqmod\build32\CMakeFiles\CMakeTmp\src.c"
  src.c
  
C:\Users\Luckshya\source\repos\httpreq-sqmod\build32\CMakeFiles\CMakeTmp\src.c(6): warning C4013: 'poll' undefined; assuming extern returning int [C:\Users\Luckshya\source\repos\httpreq-sqmod\build32\CMakeFiles\CMakeTmp\cmTC_65c34.vcxproj]
src.obj : error LNK2019: unresolved external symbol _poll referenced in function _main [C:\Users\Luckshya\source\repos\httpreq-sqmod\build32\CMakeFiles\CMakeTmp\cmTC_65c34.vcxproj]
C:\Users\Luckshya\source\repos\httpreq-sqmod\build32\CMakeFiles\CMakeTmp\Debug\cmTC_65c34.exe : fatal error LNK1120: 1 unresolved externals [C:\Users\Luckshya\source\repos\httpreq-sqmod\build32\CMakeFiles\CMakeTmp\cmTC_65c34.vcxproj]


...and run output:

Return value: 1
Source file was:

    #ifdef HAVE_SYS_POLL_H
    #  include <sys/poll.h>
    #endif
    int main(void) {
      return poll((void *)0, 0, 10 /*ms*/);
    }
